
sltiu/sltiu:     file format elf32-littleriscv
sltiu/sltiu
architecture: riscv:rv32, flags 0x00000112:
EXEC_P, HAS_SYMS, D_PAGED
start address 0x00000000

Program Header:
    LOAD off    0x00001000 vaddr 0x00000000 paddr 0x00000000 align 2**12
         filesz 0x0000004c memsz 0x0000004c flags r-x
    LOAD off    0x00001100 vaddr 0x00000100 paddr 0x00000100 align 2**12
         filesz 0x00000000 memsz 0x00000100 flags rw-

Sections:
Idx Name          Size      VMA       LMA       File off  Algn
  0 .text         0000004c  00000000  00000000  00001000  2**2
                  CONTENTS, ALLOC, LOAD, READONLY, CODE
  1 _test         00000100  00000100  00000100  00001100  2**0
                  ALLOC
  2 .riscv.attributes 0000001f  00000000  00000000  0000104c  2**0
                  CONTENTS, READONLY
SYMBOL TABLE:
00000000 l    d  .text	00000000 .text
00000100 l    d  _test	00000000 _test
00000000 l    d  .riscv.attributes	00000000 .riscv.attributes
00000100 g       _test	00000000 _test_start
00000200 g       _test	00000000 _test_end


Contents of section .text:
 0000 13040010 9302e0ff 93b2f2ff 93b2823e  ...............>
 0010 93b20283 93b212f0 93b21200 37c3aaaa  ............7...
 0020 1303b3bb 933343c9 133eb322 933e4383  .....3C..>.".>C.
 0030 133f0300 933f63c6 23205400 23227400  .?...?c.# T.#"t.
 0040 2324c401 2326d401 13040020           #$..#&.....     
Contents of section .riscv.attributes:
 0000 411e0000 00726973 63760001 14000000  A....riscv......
 0010 05727633 32693270 305f6d32 703000    .rv32i2p0_m2p0. 

Disassembly of section .text:

00000000 <.text>:
   0:	10000413          	li	s0,256
   4:	ffe00293          	li	t0,-2
   8:	fff2b293          	sltiu	t0,t0,-1
   c:	3e82b293          	sltiu	t0,t0,1000
  10:	8302b293          	sltiu	t0,t0,-2000
  14:	f012b293          	sltiu	t0,t0,-255
  18:	0012b293          	seqz	t0,t0
  1c:	aaaac337          	lui	t1,0xaaaac
  20:	bbb30313          	addi	t1,t1,-1093 # aaaabbbb <_test_end+0xaaaab9bb>
  24:	c9433393          	sltiu	t2,t1,-876
  28:	22b33e13          	sltiu	t3,t1,555
  2c:	83433e93          	sltiu	t4,t1,-1996
  30:	00033f13          	sltiu	t5,t1,0
  34:	c6633f93          	sltiu	t6,t1,-922
  38:	00542023          	sw	t0,0(s0)
  3c:	00742223          	sw	t2,4(s0)
  40:	01c42423          	sw	t3,8(s0)
  44:	01d42623          	sw	t4,12(s0)
  48:	20000413          	li	s0,512
