
lb/lb:     file format elf32-littleriscv
lb/lb
architecture: riscv:rv32, flags 0x00000112:
EXEC_P, HAS_SYMS, D_PAGED
start address 0x00000000

Program Header:
    LOAD off    0x00001000 vaddr 0x00000000 paddr 0x00000000 align 2**12
         filesz 0x0000004c memsz 0x0000004c flags r-x
    LOAD off    0x00001100 vaddr 0x00000100 paddr 0x00000100 align 2**12
         filesz 0x00000000 memsz 0x00000100 flags rw-

Sections:
Idx Name          Size      VMA       LMA       File off  Algn
  0 .text         0000004c  00000000  00000000  00001000  2**2
                  CONTENTS, ALLOC, LOAD, READONLY, CODE
  1 _test         00000100  00000100  00000100  00001100  2**0
                  ALLOC
  2 .riscv.attributes 0000001f  00000000  00000000  0000104c  2**0
                  CONTENTS, READONLY
SYMBOL TABLE:
00000000 l    d  .text	00000000 .text
00000100 l    d  _test	00000000 _test
00000000 l    d  .riscv.attributes	00000000 .riscv.attributes
00000100 g       _test	00000000 _test_start
00000200 g       _test	00000000 _test_end


Contents of section .text:
 0000 13040010 9302f008 23205400 83020400  ........# T.....
 0010 23205400 9302f007 23225400 83024400  # T.....#"T...D.
 0020 23225400 b7020100 9382f2f7 23245400  #"T.........#$T.
 0030 83028400 23245400 9302f0f7 23245400  ....#$T.....#$T.
 0040 83028400 23265400 13040020           ....#&T....     
Contents of section .riscv.attributes:
 0000 411e0000 00726973 63760001 14000000  A....riscv......
 0010 05727633 32693270 305f6d32 703000    .rv32i2p0_m2p0. 

Disassembly of section .text:

00000000 <.text>:
   0:	10000413          	li	s0,256
   4:	08f00293          	li	t0,143
   8:	00542023          	sw	t0,0(s0)
   c:	00040283          	lb	t0,0(s0)
  10:	00542023          	sw	t0,0(s0)
  14:	07f00293          	li	t0,127
  18:	00542223          	sw	t0,4(s0)
  1c:	00440283          	lb	t0,4(s0)
  20:	00542223          	sw	t0,4(s0)
  24:	000102b7          	lui	t0,0x10
  28:	f7f28293          	addi	t0,t0,-129 # ff7f <_test_end+0xfd7f>
  2c:	00542423          	sw	t0,8(s0)
  30:	00840283          	lb	t0,8(s0)
  34:	00542423          	sw	t0,8(s0)
  38:	f7f00293          	li	t0,-129
  3c:	00542423          	sw	t0,8(s0)
  40:	00840283          	lb	t0,8(s0)
  44:	00542623          	sw	t0,12(s0)
  48:	20000413          	li	s0,512
