Info Session started: Wed Sep  1 15:48:49 2021

Info ------------- ENVIRONMENT -------------
Info --------------------------------------
Info -------- FLAGS (from ../../tools/riscv-ovpsim/riscvOVPsim.exe)
Info --program  blt/blt
Info --variant  RV32IM
Info --signaturedump
Info --override  riscvOVPsim/cpu/sigdump/SignatureFile=blt/blt.sig.dat.hex
Info --override  riscvOVPsim/cpu/sigdump/StartAddress=0x100
Info --override  riscvOVPsim/cpu/sigdump/SignatureGranularity=4
Info --override  riscvOVPsim/cpu/sigdump/ByteCount=16
Info --override  riscvOVPsim/cpu/sigdump/SignatureAtEnd=T
Info --logfile  blt/blt.sig.run.log
Info --finishonopcode  0x20000413
Info --------------------------------------
Imperas riscvOVPsim


riscvOVPsim (64-Bit) v20210709.0 Open Virtual Platform simulator from www.IMPERAS.com.
Copyright (c) 2005-2021 Imperas Software Ltd.  Contains Imperas Proprietary Information.
Licensed Software, All Rights Reserved.
Visit www.IMPERAS.com for multicore debug, verification and analysis solutions.

riscvOVPsim started: Wed Sep  1 15:48:49 2021


Info (OR_OF) Target 'riscvOVPsim/cpu' has object file read from 'blt/blt'
Info (OR_PH) Program Headers:
Info (OR_PH) Type           Offset     VirtAddr   PhysAddr   FileSiz    MemSiz     Flags Align
Info (OR_PD) LOAD           0x00001000 0x00000000 0x00000000 0x0000002c 0x0000002c R-E   1000
Info (OR_PD) LOAD           0x00001100 0x00000100 0x00000100 0x00000000 0x00000100 RW-   1000
Info (SIGNATURE_DUMP) Signature File enabled, file 'blt/blt.sig.dat.hex'.
Info (SIGNATURE_DUMP) Extracting signature from 0x100 size 16 bytes
Info (SIGNATURE_DUMP) Signature Write 1 0x100 bytes 4 0x0
Info (EXC_FS) opcode match: Stopping at 0x28
Info 
Info ---------------------------------------------------
Info CPU 'riscvOVPsim/cpu' STATISTICS
Info   Type                  : riscv (RV32IM)
Info   Nominal MIPS          : 100
Info   Final program counter : 0x2c
Info   Simulated instructions: 9
Info   Simulated MIPS        : run too short for meaningful result
Info ---------------------------------------------------
Info 
Info ---------------------------------------------------
Info SIMULATION TIME STATISTICS
Info   Simulated time        : 0.00 seconds
Info   User time             : 0.01 seconds
Info   System time           : 0.00 seconds
Info   Elapsed time          : 0.00 seconds
Info ---------------------------------------------------

riscvOVPsim finished: Wed Sep  1 15:48:49 2021


riscvOVPsim (64-Bit) v20210709.0 Open Virtual Platform simulator from www.IMPERAS.com.
Visit www.IMPERAS.com for multicore debug, verification and analysis solutions.

Info (SIGNATURE_DUMP) Destructor. Generate Signature file
0000000e
0000000f
00000000
00000000
Info Session ended: Wed Sep  1 15:48:49 2021

