
sltu/sltu:     file format elf32-littleriscv
sltu/sltu
architecture: riscv:rv32, flags 0x00000112:
EXEC_P, HAS_SYMS, D_PAGED
start address 0x00000000

Program Header:
    LOAD off    0x00001000 vaddr 0x00000000 paddr 0x00000000 align 2**12
         filesz 0x00000050 memsz 0x00000050 flags r-x
    LOAD off    0x00001100 vaddr 0x00000100 paddr 0x00000100 align 2**12
         filesz 0x00000000 memsz 0x00000100 flags rw-

Sections:
Idx Name          Size      VMA       LMA       File off  Algn
  0 .text         00000050  00000000  00000000  00001000  2**2
                  CONTENTS, ALLOC, LOAD, READONLY, CODE
  1 _test         00000100  00000100  00000100  00001100  2**0
                  ALLOC
  2 .riscv.attributes 0000001f  00000000  00000000  00001050  2**0
                  CONTENTS, READONLY
SYMBOL TABLE:
00000000 l    d  .text	00000000 .text
00000100 l    d  _test	00000000 _test
00000000 l    d  .riscv.attributes	00000000 .riscv.attributes
00000100 g       _test	00000000 _test_start
00000200 g       _test	00000000 _test_end


Contents of section .text:
 0000 13040010 9302f0ff 13031000 b3b26200  ..............b.
 0010 b3b26200 b3b26200 b3b26200 b3b26200  ..b...b...b...b.
 0020 b3b26200 13030000 b3325300 b3325300  ..b......2S..2S.
 0030 b3325300 b3325300 b3325300 23205400  .2S..2S..2S.# T.
 0040 23220400 23240400 23260400 13040020  #"..#$..#&..... 
Contents of section .riscv.attributes:
 0000 411e0000 00726973 63760001 14000000  A....riscv......
 0010 05727633 32693270 305f6d32 703000    .rv32i2p0_m2p0. 

Disassembly of section .text:

00000000 <.text>:
   0:	10000413          	li	s0,256
   4:	fff00293          	li	t0,-1
   8:	00100313          	li	t1,1
   c:	0062b2b3          	sltu	t0,t0,t1
  10:	0062b2b3          	sltu	t0,t0,t1
  14:	0062b2b3          	sltu	t0,t0,t1
  18:	0062b2b3          	sltu	t0,t0,t1
  1c:	0062b2b3          	sltu	t0,t0,t1
  20:	0062b2b3          	sltu	t0,t0,t1
  24:	00000313          	li	t1,0
  28:	005332b3          	sltu	t0,t1,t0
  2c:	005332b3          	sltu	t0,t1,t0
  30:	005332b3          	sltu	t0,t1,t0
  34:	005332b3          	sltu	t0,t1,t0
  38:	005332b3          	sltu	t0,t1,t0
  3c:	00542023          	sw	t0,0(s0)
  40:	00042223          	sw	zero,4(s0)
  44:	00042423          	sw	zero,8(s0)
  48:	00042623          	sw	zero,12(s0)
  4c:	20000413          	li	s0,512
