
srli/srli:     file format elf32-littleriscv
srli/srli
architecture: riscv:rv32, flags 0x00000112:
EXEC_P, HAS_SYMS, D_PAGED
start address 0x00000000

Program Header:
    LOAD off    0x00001000 vaddr 0x00000000 paddr 0x00000000 align 2**12
         filesz 0x00000048 memsz 0x00000048 flags r-x
    LOAD off    0x00001100 vaddr 0x00000100 paddr 0x00000100 align 2**12
         filesz 0x00000000 memsz 0x00000100 flags rw-

Sections:
Idx Name          Size      VMA       LMA       File off  Algn
  0 .text         00000048  00000000  00000000  00001000  2**2
                  CONTENTS, ALLOC, LOAD, READONLY, CODE
  1 _test         00000100  00000100  00000100  00001100  2**0
                  ALLOC
  2 .riscv.attributes 0000001f  00000000  00000000  00001048  2**0
                  CONTENTS, READONLY
SYMBOL TABLE:
00000000 l    d  .text	00000000 .text
00000100 l    d  _test	00000000 _test
00000000 l    d  .riscv.attributes	00000000 .riscv.attributes
00000100 g       _test	00000000 _test_start
00000200 g       _test	00000000 _test_end


Contents of section .text:
 0000 13040010 b7c2b2a1 9382423d 93d23200  ..........B=..2.
 0010 93d24200 93d26200 93d2b200 93d27200  ..B...b.......r.
 0020 3783bfaa 1303c390 93539301 135e0301  7........S...^..
 0030 935e2301 23205400 23227400 2324c401  .^#.# T.#"t.#$..
 0040 2326d401 13040020                    #&.....         
Contents of section .riscv.attributes:
 0000 411e0000 00726973 63760001 14000000  A....riscv......
 0010 05727633 32693270 305f6d32 703000    .rv32i2p0_m2p0. 

Disassembly of section .text:

00000000 <.text>:
   0:	10000413          	li	s0,256
   4:	a1b2c2b7          	lui	t0,0xa1b2c
   8:	3d428293          	addi	t0,t0,980 # a1b2c3d4 <_test_end+0xa1b2c1d4>
   c:	0032d293          	srli	t0,t0,0x3
  10:	0042d293          	srli	t0,t0,0x4
  14:	0062d293          	srli	t0,t0,0x6
  18:	00b2d293          	srli	t0,t0,0xb
  1c:	0072d293          	srli	t0,t0,0x7
  20:	aabf8337          	lui	t1,0xaabf8
  24:	90c30313          	addi	t1,t1,-1780 # aabf790c <_test_end+0xaabf770c>
  28:	01935393          	srli	t2,t1,0x19
  2c:	01035e13          	srli	t3,t1,0x10
  30:	01235e93          	srli	t4,t1,0x12
  34:	00542023          	sw	t0,0(s0)
  38:	00742223          	sw	t2,4(s0)
  3c:	01c42423          	sw	t3,8(s0)
  40:	01d42623          	sw	t4,12(s0)
  44:	20000413          	li	s0,512
