
mul/mul:     file format elf32-littleriscv
mul/mul
architecture: riscv:rv32, flags 0x00000112:
EXEC_P, HAS_SYMS, D_PAGED
start address 0x00000000

Program Header:
    LOAD off    0x00001000 vaddr 0x00000000 paddr 0x00000000 align 2**12
         filesz 0x00000044 memsz 0x00000044 flags r-x
    LOAD off    0x00001100 vaddr 0x00000100 paddr 0x00000100 align 2**12
         filesz 0x00000000 memsz 0x00000100 flags rw-

Sections:
Idx Name          Size      VMA       LMA       File off  Algn
  0 .text         00000044  00000000  00000000  00001000  2**2
                  CONTENTS, ALLOC, LOAD, READONLY, CODE
  1 _test         00000100  00000100  00000100  00001100  2**0
                  ALLOC
  2 .riscv.attributes 0000001f  00000000  00000000  00001044  2**0
                  CONTENTS, READONLY
SYMBOL TABLE:
00000000 l    d  .text	00000000 .text
00000100 l    d  _test	00000000 _test
00000000 l    d  .riscv.attributes	00000000 .riscv.attributes
00000100 g       _test	00000000 _test_start
00000200 g       _test	00000000 _test_end


Contents of section .text:
 0000 13040010 93024006 1303a03b b3826202  ......@....;..b.
 0010 23205400 13044400 9302f0fc 13039001  # T...D.........
 0020 b3826202 23205400 13044400 930200fe  ..b.# T...D.....
 0030 130360c4 b3826202 23205400 23220400  ..`...b.# T.#"..
 0040 13040020                             ...             
Contents of section .riscv.attributes:
 0000 411e0000 00726973 63760001 14000000  A....riscv......
 0010 05727633 32693270 305f6d32 703000    .rv32i2p0_m2p0. 

Disassembly of section .text:

00000000 <.text>:
   0:	10000413          	li	s0,256
   4:	06400293          	li	t0,100
   8:	3ba00313          	li	t1,954
   c:	026282b3          	mul	t0,t0,t1
  10:	00542023          	sw	t0,0(s0)
  14:	00440413          	addi	s0,s0,4
  18:	fcf00293          	li	t0,-49
  1c:	01900313          	li	t1,25
  20:	026282b3          	mul	t0,t0,t1
  24:	00542023          	sw	t0,0(s0)
  28:	00440413          	addi	s0,s0,4
  2c:	fe000293          	li	t0,-32
  30:	c4600313          	li	t1,-954
  34:	026282b3          	mul	t0,t0,t1
  38:	00542023          	sw	t0,0(s0)
  3c:	00042223          	sw	zero,4(s0)
  40:	20000413          	li	s0,512
