
slli/slli:     file format elf32-littleriscv
slli/slli
architecture: riscv:rv32, flags 0x00000112:
EXEC_P, HAS_SYMS, D_PAGED
start address 0x00000000

Program Header:
    LOAD off    0x00001000 vaddr 0x00000000 paddr 0x00000000 align 2**12
         filesz 0x00000044 memsz 0x00000044 flags r-x
    LOAD off    0x00001100 vaddr 0x00000100 paddr 0x00000100 align 2**12
         filesz 0x00000000 memsz 0x00000100 flags rw-

Sections:
Idx Name          Size      VMA       LMA       File off  Algn
  0 .text         00000044  00000000  00000000  00001000  2**2
                  CONTENTS, ALLOC, LOAD, READONLY, CODE
  1 _test         00000100  00000100  00000100  00001100  2**0
                  ALLOC
  2 .riscv.attributes 0000001f  00000000  00000000  00001044  2**0
                  CONTENTS, READONLY
SYMBOL TABLE:
00000000 l    d  .text	00000000 .text
00000100 l    d  _test	00000000 _test
00000000 l    d  .riscv.attributes	00000000 .riscv.attributes
00000100 g       _test	00000000 _test_start
00000200 g       _test	00000000 _test_end


Contents of section .text:
 0000 13040010 9302a000 93922200 93925200  .........."...R.
 0010 93927200 9392a200 93926200 3743b21a  ..r.......b.7C..
 0020 130343cd 9313f300 131e6300 931ec301  ..C.......c.....
 0030 23205400 23227400 2324c401 2326d401  # T.#"t.#$..#&..
 0040 13040020                             ...             
Contents of section .riscv.attributes:
 0000 411e0000 00726973 63760001 14000000  A....riscv......
 0010 05727633 32693270 305f6d32 703000    .rv32i2p0_m2p0. 

Disassembly of section .text:

00000000 <.text>:
   0:	10000413          	li	s0,256
   4:	00a00293          	li	t0,10
   8:	00229293          	slli	t0,t0,0x2
   c:	00529293          	slli	t0,t0,0x5
  10:	00729293          	slli	t0,t0,0x7
  14:	00a29293          	slli	t0,t0,0xa
  18:	00629293          	slli	t0,t0,0x6
  1c:	1ab24337          	lui	t1,0x1ab24
  20:	cd430313          	addi	t1,t1,-812 # 1ab23cd4 <_test_end+0x1ab23ad4>
  24:	00f31393          	slli	t2,t1,0xf
  28:	00631e13          	slli	t3,t1,0x6
  2c:	01c31e93          	slli	t4,t1,0x1c
  30:	00542023          	sw	t0,0(s0)
  34:	00742223          	sw	t2,4(s0)
  38:	01c42423          	sw	t3,8(s0)
  3c:	01d42623          	sw	t4,12(s0)
  40:	20000413          	li	s0,512
