
srl/srl:     file format elf32-littleriscv
srl/srl
architecture: riscv:rv32, flags 0x00000112:
EXEC_P, HAS_SYMS, D_PAGED
start address 0x00000000

Program Header:
    LOAD off    0x00001000 vaddr 0x00000000 paddr 0x00000000 align 2**12
         filesz 0x00000054 memsz 0x00000054 flags r-x
    LOAD off    0x00001100 vaddr 0x00000100 paddr 0x00000100 align 2**12
         filesz 0x00000000 memsz 0x00000100 flags rw-

Sections:
Idx Name          Size      VMA       LMA       File off  Algn
  0 .text         00000054  00000000  00000000  00001000  2**2
                  CONTENTS, ALLOC, LOAD, READONLY, CODE
  1 _test         00000100  00000100  00000100  00001100  2**0
                  ALLOC
  2 .riscv.attributes 0000001f  00000000  00000000  00001054  2**0
                  CONTENTS, READONLY
SYMBOL TABLE:
00000000 l    d  .text	00000000 .text
00000100 l    d  _test	00000000 _test
00000000 l    d  .riscv.attributes	00000000 .riscv.attributes
00000100 g       _test	00000000 _test_start
00000200 g       _test	00000000 _test_end


Contents of section .text:
 0000 13040010 9302f0ff 37b3ec75 13034386  ........7..u..C.
 0010 b3d26200 b3d26200 b3d26200 b3d26200  ..b...b...b...b.
 0020 b3d26200 37533412 13038367 b3525300  ..b.7S4....g.RS.
 0030 b3525300 b3525300 b3525300 b3525300  .RS..RS..RS..RS.
 0040 23205400 23220400 23240400 23260400  # T.#"..#$..#&..
 0050 13040020                             ...             
Contents of section .riscv.attributes:
 0000 411e0000 00726973 63760001 14000000  A....riscv......
 0010 05727633 32693270 305f6d32 703000    .rv32i2p0_m2p0. 

Disassembly of section .text:

00000000 <.text>:
   0:	10000413          	li	s0,256
   4:	fff00293          	li	t0,-1
   8:	75ecb337          	lui	t1,0x75ecb
   c:	86430313          	addi	t1,t1,-1948 # 75eca864 <_test_end+0x75eca664>
  10:	0062d2b3          	srl	t0,t0,t1
  14:	0062d2b3          	srl	t0,t0,t1
  18:	0062d2b3          	srl	t0,t0,t1
  1c:	0062d2b3          	srl	t0,t0,t1
  20:	0062d2b3          	srl	t0,t0,t1
  24:	12345337          	lui	t1,0x12345
  28:	67830313          	addi	t1,t1,1656 # 12345678 <_test_end+0x12345478>
  2c:	005352b3          	srl	t0,t1,t0
  30:	005352b3          	srl	t0,t1,t0
  34:	005352b3          	srl	t0,t1,t0
  38:	005352b3          	srl	t0,t1,t0
  3c:	005352b3          	srl	t0,t1,t0
  40:	00542023          	sw	t0,0(s0)
  44:	00042223          	sw	zero,4(s0)
  48:	00042423          	sw	zero,8(s0)
  4c:	00042623          	sw	zero,12(s0)
  50:	20000413          	li	s0,512
