
jal/jal:     file format elf32-littleriscv
jal/jal
architecture: riscv:rv32, flags 0x00000112:
EXEC_P, HAS_SYMS, D_PAGED
start address 0x00000000

Program Header:
    LOAD off    0x00001000 vaddr 0x00000000 paddr 0x00000000 align 2**12
         filesz 0x00000038 memsz 0x00000038 flags r-x
    LOAD off    0x00001100 vaddr 0x00000100 paddr 0x00000100 align 2**12
         filesz 0x00000000 memsz 0x00000100 flags rw-

Sections:
Idx Name          Size      VMA       LMA       File off  Algn
  0 .text         00000038  00000000  00000000  00001000  2**2
                  CONTENTS, ALLOC, LOAD, READONLY, CODE
  1 _test         00000100  00000100  00000100  00001100  2**0
                  ALLOC
  2 .riscv.attributes 0000001f  00000000  00000000  00001038  2**0
                  CONTENTS, READONLY
SYMBOL TABLE:
00000000 l    d  .text	00000000 .text
00000100 l    d  _test	00000000 _test
00000000 l    d  .riscv.attributes	00000000 .riscv.attributes
00000000 l    df *ABS*	00000000 jal/jal.o
00000024 l       .text	00000000 end
00000100 g       _test	00000000 _test_start
00000200 g       _test	00000000 _test_end


Contents of section .text:
 0000 13040010 b7f2ffff 6f03c001 93821200  ........o.......
 0010 23205400 23220400 23240400 23260400  # T.#"..#$..#&..
 0020 13040020 23205400 23220400 23240400  ... # T.#"..#$..
 0030 23260400 13040020                    #&.....         
Contents of section .riscv.attributes:
 0000 411e0000 00726973 63760001 14000000  A....riscv......
 0010 05727633 32693270 305f6d32 703000    .rv32i2p0_m2p0. 

Disassembly of section .text:

00000000 <end-0x24>:
   0:	10000413          	li	s0,256
   4:	fffff2b7          	lui	t0,0xfffff
   8:	01c0036f          	jal	t1,24 <end>
   c:	00128293          	addi	t0,t0,1 # fffff001 <_test_end+0xffffee01>
  10:	00542023          	sw	t0,0(s0)
  14:	00042223          	sw	zero,4(s0)
  18:	00042423          	sw	zero,8(s0)
  1c:	00042623          	sw	zero,12(s0)
  20:	20000413          	li	s0,512

00000024 <end>:
  24:	00542023          	sw	t0,0(s0)
  28:	00042223          	sw	zero,4(s0)
  2c:	00042423          	sw	zero,8(s0)
  30:	00042623          	sw	zero,12(s0)
  34:	20000413          	li	s0,512
