
slti/slti:     file format elf32-littleriscv
slti/slti
architecture: riscv:rv32, flags 0x00000112:
EXEC_P, HAS_SYMS, D_PAGED
start address 0x00000000

Program Header:
    LOAD off    0x00001000 vaddr 0x00000000 paddr 0x00000000 align 2**12
         filesz 0x00000040 memsz 0x00000040 flags r-x
    LOAD off    0x00001100 vaddr 0x00000100 paddr 0x00000100 align 2**12
         filesz 0x00000000 memsz 0x00000100 flags rw-

Sections:
Idx Name          Size      VMA       LMA       File off  Algn
  0 .text         00000040  00000000  00000000  00001000  2**2
                  CONTENTS, ALLOC, LOAD, READONLY, CODE
  1 _test         00000100  00000100  00000100  00001100  2**0
                  ALLOC
  2 .riscv.attributes 0000001f  00000000  00000000  00001040  2**0
                  CONTENTS, READONLY
SYMBOL TABLE:
00000000 l    d  .text	00000000 .text
00000100 l    d  _test	00000000 _test
00000000 l    d  .riscv.attributes	00000000 .riscv.attributes
00000100 g       _test	00000000 _test_start
00000200 g       _test	00000000 _test_end


Contents of section .text:
 0000 13040010 9302f0ff 93a2f2ff 93a2823e  ...............>
 0010 93a20283 93a21200 93a27245 130360c6  ..........rE..`.
 0020 932343c9 132eb322 932e4383 23205400  .#C...."..C.# T.
 0030 23227400 2324c401 2326d401 13040020  #"t.#$..#&..... 
Contents of section .riscv.attributes:
 0000 411e0000 00726973 63760001 14000000  A....riscv......
 0010 05727633 32693270 305f6d32 703000    .rv32i2p0_m2p0. 

Disassembly of section .text:

00000000 <.text>:
   0:	10000413          	li	s0,256
   4:	fff00293          	li	t0,-1
   8:	fff2a293          	slti	t0,t0,-1
   c:	3e82a293          	slti	t0,t0,1000
  10:	8302a293          	slti	t0,t0,-2000
  14:	0012a293          	slti	t0,t0,1
  18:	4572a293          	slti	t0,t0,1111
  1c:	c6600313          	li	t1,-922
  20:	c9432393          	slti	t2,t1,-876
  24:	22b32e13          	slti	t3,t1,555
  28:	83432e93          	slti	t4,t1,-1996
  2c:	00542023          	sw	t0,0(s0)
  30:	00742223          	sw	t2,4(s0)
  34:	01c42423          	sw	t3,8(s0)
  38:	01d42623          	sw	t4,12(s0)
  3c:	20000413          	li	s0,512
