
sb/sb:     file format elf32-littleriscv
sb/sb
architecture: riscv:rv32, flags 0x00000112:
EXEC_P, HAS_SYMS, D_PAGED
start address 0x00000000

Program Header:
    LOAD off    0x00001000 vaddr 0x00000000 paddr 0x00000000 align 2**12
         filesz 0x0000003c memsz 0x0000003c flags r-x
    LOAD off    0x00001100 vaddr 0x00000100 paddr 0x00000100 align 2**12
         filesz 0x00000000 memsz 0x00000100 flags rw-

Sections:
Idx Name          Size      VMA       LMA       File off  Algn
  0 .text         0000003c  00000000  00000000  00001000  2**2
                  CONTENTS, ALLOC, LOAD, READONLY, CODE
  1 _test         00000100  00000100  00000100  00001100  2**0
                  ALLOC
  2 .riscv.attributes 0000001f  00000000  00000000  0000103c  2**0
                  CONTENTS, READONLY
SYMBOL TABLE:
00000000 l    d  .text	00000000 .text
00000100 l    d  _test	00000000 _test
00000000 l    d  .riscv.attributes	00000000 .riscv.attributes
00000100 g       _test	00000000 _test_start
00000200 g       _test	00000000 _test_end


Contents of section .text:
 0000 13040010 93020000 23205400 23225400  ........# T.#"T.
 0010 23245400 23265400 9302f010 1303001f  #$T.#&T.........
 0020 93031011 130e3013 23005400 23026400  ......0.#.T.#.d.
 0030 23047400 2306c401 13040020           #.t.#......     
Contents of section .riscv.attributes:
 0000 411e0000 00726973 63760001 14000000  A....riscv......
 0010 05727633 32693270 305f6d32 703000    .rv32i2p0_m2p0. 

Disassembly of section .text:

00000000 <.text>:
   0:	10000413          	li	s0,256
   4:	00000293          	li	t0,0
   8:	00542023          	sw	t0,0(s0)
   c:	00542223          	sw	t0,4(s0)
  10:	00542423          	sw	t0,8(s0)
  14:	00542623          	sw	t0,12(s0)
  18:	10f00293          	li	t0,271
  1c:	1f000313          	li	t1,496
  20:	11100393          	li	t2,273
  24:	13300e13          	li	t3,307
  28:	00540023          	sb	t0,0(s0)
  2c:	00640223          	sb	t1,4(s0)
  30:	00740423          	sb	t2,8(s0)
  34:	01c40623          	sb	t3,12(s0)
  38:	20000413          	li	s0,512
