
mulh/mulh:     file format elf32-littleriscv
mulh/mulh
architecture: riscv:rv32, flags 0x00000112:
EXEC_P, HAS_SYMS, D_PAGED
start address 0x00000000

Program Header:
    LOAD off    0x00001000 vaddr 0x00000000 paddr 0x00000000 align 2**12
         filesz 0x0000005c memsz 0x0000005c flags r-x
    LOAD off    0x00001100 vaddr 0x00000100 paddr 0x00000100 align 2**12
         filesz 0x00000000 memsz 0x00000100 flags rw-

Sections:
Idx Name          Size      VMA       LMA       File off  Algn
  0 .text         0000005c  00000000  00000000  00001000  2**2
                  CONTENTS, ALLOC, LOAD, READONLY, CODE
  1 _test         00000100  00000100  00000100  00001100  2**0
                  ALLOC
  2 .riscv.attributes 0000001f  00000000  00000000  0000105c  2**0
                  CONTENTS, READONLY
SYMBOL TABLE:
00000000 l    d  .text	00000000 .text
00000100 l    d  _test	00000000 _test
00000000 l    d  .riscv.attributes	00000000 .riscv.attributes
00000100 g       _test	00000000 _test_start
00000200 g       _test	00000000 _test_end


Contents of section .text:
 0000 13040010 b7929800 9382f267 37939800  ...........g7...
 0010 1303f367 b3926202 23205400 13044400  ...g..b.# T...D.
 0020 b7c2f0ff 938212dc 37430f00 13038314  ........7C......
 0030 b3926202 23205400 13044400 b7c2f0ff  ..b.# T...D.....
 0040 938212dc 37c3f0ff 130353f7 b3926202  ....7.....S...b.
 0050 23205400 23220400 13040020           # T.#".....     
Contents of section .riscv.attributes:
 0000 411e0000 00726973 63760001 14000000  A....riscv......
 0010 05727633 32693270 305f6d32 703000    .rv32i2p0_m2p0. 

Disassembly of section .text:

00000000 <.text>:
   0:	10000413          	li	s0,256
   4:	009892b7          	lui	t0,0x989
   8:	67f28293          	addi	t0,t0,1663 # 98967f <_test_end+0x98947f>
   c:	00989337          	lui	t1,0x989
  10:	67f30313          	addi	t1,t1,1663 # 98967f <_test_end+0x98947f>
  14:	026292b3          	mulh	t0,t0,t1
  18:	00542023          	sw	t0,0(s0)
  1c:	00440413          	addi	s0,s0,4
  20:	fff0c2b7          	lui	t0,0xfff0c
  24:	dc128293          	addi	t0,t0,-575 # fff0bdc1 <_test_end+0xfff0bbc1>
  28:	000f4337          	lui	t1,0xf4
  2c:	14830313          	addi	t1,t1,328 # f4148 <_test_end+0xf3f48>
  30:	026292b3          	mulh	t0,t0,t1
  34:	00542023          	sw	t0,0(s0)
  38:	00440413          	addi	s0,s0,4
  3c:	fff0c2b7          	lui	t0,0xfff0c
  40:	dc128293          	addi	t0,t0,-575 # fff0bdc1 <_test_end+0xfff0bbc1>
  44:	fff0c337          	lui	t1,0xfff0c
  48:	f7530313          	addi	t1,t1,-139 # fff0bf75 <_test_end+0xfff0bd75>
  4c:	026292b3          	mulh	t0,t0,t1
  50:	00542023          	sw	t0,0(s0)
  54:	00042223          	sw	zero,4(s0)
  58:	20000413          	li	s0,512
