Analysis & Synthesis report for risc-v
Fri Sep 24 16:19:24 2021
Quartus Prime Version 20.1.0 Build 711 06/05/2020 SJ Lite Edition


---------------------
; Table of Contents ;
---------------------
  1. Legal Notice
  2. Analysis & Synthesis Summary
  3. Analysis & Synthesis Settings
  4. Parallel Compilation
  5. Analysis & Synthesis Source Files Read
  6. Analysis & Synthesis Resource Usage Summary
  7. Analysis & Synthesis Resource Utilization by Entity
  8. Analysis & Synthesis RAM Summary
  9. Analysis & Synthesis IP Cores Summary
 10. General Register Statistics
 11. Inverted Register Statistics
 12. Multiplexer Restructuring Statistics (Restructuring Performed)
 13. Source assignments for altsyncram:altsyncram_component|altsyncram_lmc1:auto_generated|altsyncram_jge2:altsyncram1
 14. Parameter Settings for User Entity Instance: altsyncram:altsyncram_component
 15. altsyncram Parameter Settings by Entity Instance
 16. In-System Memory Content Editor Settings
 17. Post-Synthesis Netlist Statistics for Top Partition
 18. Post-Synthesis Netlist Statistics for Partition sld_hub:auto_hub
 19. Elapsed Time Per Partition
 20. Analysis & Synthesis Messages



----------------
; Legal Notice ;
----------------
Copyright (C) 2020  Intel Corporation. All rights reserved.
Your use of Intel Corporation's design tools, logic functions 
and other software and tools, and any partner logic 
functions, and any output files from any of the foregoing 
(including device programming or simulation files), and any 
associated documentation or information are expressly subject 
to the terms and conditions of the Intel Program License 
Subscription Agreement, the Intel Quartus Prime License Agreement,
the Intel FPGA IP License Agreement, or other applicable license
agreement, including, without limitation, that your use is for
the sole purpose of programming logic devices manufactured by
Intel and sold by Intel or its authorized distributors.  Please
refer to the applicable agreement for further details, at
https://fpgasoftware.intel.com/eula.



+----------------------------------------------------------------------------------+
; Analysis & Synthesis Summary                                                     ;
+------------------------------------+---------------------------------------------+
; Analysis & Synthesis Status        ; Successful - Fri Sep 24 16:19:24 2021       ;
; Quartus Prime Version              ; 20.1.0 Build 711 06/05/2020 SJ Lite Edition ;
; Revision Name                      ; risc-v                                      ;
; Top-level Entity Name              ; rom                                         ;
; Family                             ; Cyclone IV E                                ;
; Total logic elements               ; 572                                         ;
;     Total combinational functions  ; 535                                         ;
;     Dedicated logic registers      ; 164                                         ;
; Total registers                    ; 164                                         ;
; Total pins                         ; 49                                          ;
; Total virtual pins                 ; 0                                           ;
; Total memory bits                  ; 2,097,152                                   ;
; Embedded Multiplier 9-bit elements ; 0                                           ;
; Total PLLs                         ; 0                                           ;
+------------------------------------+---------------------------------------------+


+------------------------------------------------------------------------------------------------------------+
; Analysis & Synthesis Settings                                                                              ;
+------------------------------------------------------------------+--------------------+--------------------+
; Option                                                           ; Setting            ; Default Value      ;
+------------------------------------------------------------------+--------------------+--------------------+
; Device                                                           ; EP4CE115F29C7      ;                    ;
; Top-level entity name                                            ; rom                ; risc-v             ;
; Family name                                                      ; Cyclone IV E       ; Cyclone V          ;
; Use smart compilation                                            ; Off                ; Off                ;
; Enable parallel Assembler and Timing Analyzer during compilation ; On                 ; On                 ;
; Enable compact report table                                      ; Off                ; Off                ;
; Restructure Multiplexers                                         ; Auto               ; Auto               ;
; Create Debugging Nodes for IP Cores                              ; Off                ; Off                ;
; Preserve fewer node names                                        ; On                 ; On                 ;
; Intel FPGA IP Evaluation Mode                                    ; Enable             ; Enable             ;
; Verilog Version                                                  ; Verilog_2001       ; Verilog_2001       ;
; VHDL Version                                                     ; VHDL_1993          ; VHDL_1993          ;
; State Machine Processing                                         ; Auto               ; Auto               ;
; Safe State Machine                                               ; Off                ; Off                ;
; Extract Verilog State Machines                                   ; On                 ; On                 ;
; Extract VHDL State Machines                                      ; On                 ; On                 ;
; Ignore Verilog initial constructs                                ; Off                ; Off                ;
; Iteration limit for constant Verilog loops                       ; 5000               ; 5000               ;
; Iteration limit for non-constant Verilog loops                   ; 250                ; 250                ;
; Add Pass-Through Logic to Inferred RAMs                          ; On                 ; On                 ;
; Infer RAMs from Raw Logic                                        ; On                 ; On                 ;
; Parallel Synthesis                                               ; On                 ; On                 ;
; DSP Block Balancing                                              ; Auto               ; Auto               ;
; NOT Gate Push-Back                                               ; On                 ; On                 ;
; Power-Up Don't Care                                              ; On                 ; On                 ;
; Remove Redundant Logic Cells                                     ; Off                ; Off                ;
; Remove Duplicate Registers                                       ; On                 ; On                 ;
; Ignore CARRY Buffers                                             ; Off                ; Off                ;
; Ignore CASCADE Buffers                                           ; Off                ; Off                ;
; Ignore GLOBAL Buffers                                            ; Off                ; Off                ;
; Ignore ROW GLOBAL Buffers                                        ; Off                ; Off                ;
; Ignore LCELL Buffers                                             ; Off                ; Off                ;
; Ignore SOFT Buffers                                              ; On                 ; On                 ;
; Limit AHDL Integers to 32 Bits                                   ; Off                ; Off                ;
; Optimization Technique                                           ; Balanced           ; Balanced           ;
; Carry Chain Length                                               ; 70                 ; 70                 ;
; Auto Carry Chains                                                ; On                 ; On                 ;
; Auto Open-Drain Pins                                             ; On                 ; On                 ;
; Perform WYSIWYG Primitive Resynthesis                            ; Off                ; Off                ;
; Auto ROM Replacement                                             ; On                 ; On                 ;
; Auto RAM Replacement                                             ; On                 ; On                 ;
; Auto DSP Block Replacement                                       ; On                 ; On                 ;
; Auto Shift Register Replacement                                  ; Auto               ; Auto               ;
; Allow Shift Register Merging across Hierarchies                  ; Auto               ; Auto               ;
; Auto Clock Enable Replacement                                    ; On                 ; On                 ;
; Strict RAM Replacement                                           ; Off                ; Off                ;
; Allow Synchronous Control Signals                                ; On                 ; On                 ;
; Force Use of Synchronous Clear Signals                           ; Off                ; Off                ;
; Auto RAM Block Balancing                                         ; On                 ; On                 ;
; Auto RAM to Logic Cell Conversion                                ; Off                ; Off                ;
; Auto Resource Sharing                                            ; Off                ; Off                ;
; Allow Any RAM Size For Recognition                               ; Off                ; Off                ;
; Allow Any ROM Size For Recognition                               ; Off                ; Off                ;
; Allow Any Shift Register Size For Recognition                    ; Off                ; Off                ;
; Use LogicLock Constraints during Resource Balancing              ; On                 ; On                 ;
; Ignore translate_off and synthesis_off directives                ; Off                ; Off                ;
; Timing-Driven Synthesis                                          ; On                 ; On                 ;
; Report Parameter Settings                                        ; On                 ; On                 ;
; Report Source Assignments                                        ; On                 ; On                 ;
; Report Connectivity Checks                                       ; On                 ; On                 ;
; Ignore Maximum Fan-Out Assignments                               ; Off                ; Off                ;
; Synchronization Register Chain Length                            ; 2                  ; 2                  ;
; Power Optimization During Synthesis                              ; Normal compilation ; Normal compilation ;
; HDL message level                                                ; Level2             ; Level2             ;
; Suppress Register Optimization Related Messages                  ; Off                ; Off                ;
; Number of Removed Registers Reported in Synthesis Report         ; 5000               ; 5000               ;
; Number of Swept Nodes Reported in Synthesis Report               ; 5000               ; 5000               ;
; Number of Inverted Registers Reported in Synthesis Report        ; 100                ; 100                ;
; Clock MUX Protection                                             ; On                 ; On                 ;
; Auto Gated Clock Conversion                                      ; Off                ; Off                ;
; Block Design Naming                                              ; Auto               ; Auto               ;
; SDC constraint protection                                        ; Off                ; Off                ;
; Synthesis Effort                                                 ; Auto               ; Auto               ;
; Shift Register Replacement - Allow Asynchronous Clear Signal     ; On                 ; On                 ;
; Pre-Mapping Resynthesis Optimization                             ; Off                ; Off                ;
; Analysis & Synthesis Message Level                               ; Medium             ; Medium             ;
; Disable Register Merging Across Hierarchies                      ; Auto               ; Auto               ;
; Resource Aware Inference For Block RAM                           ; On                 ; On                 ;
+------------------------------------------------------------------+--------------------+--------------------+


+------------------------------------------+
; Parallel Compilation                     ;
+----------------------------+-------------+
; Processors                 ; Number      ;
+----------------------------+-------------+
; Number detected on machine ; 12          ;
; Maximum allowed            ; 6           ;
;                            ;             ;
; Average used               ; 1.00        ;
; Maximum used               ; 6           ;
;                            ;             ;
; Usage by Processor         ; % Time Used ;
;     Processor 1            ; 100.0%      ;
;     Processor 2            ;   0.0%      ;
;     Processor 3            ;   0.0%      ;
;     Processor 4            ;   0.0%      ;
;     Processor 5            ;   0.0%      ;
;     Processor 6            ;   0.0%      ;
+----------------------------+-------------+


+----------------------------------------------------------------------------------------------------------------------------------------------------------------------------------------------------------------------------------------------------------------------------+
; Analysis & Synthesis Source Files Read                                                                                                                                                                                                                                     ;
+--------------------------------------------------------------------+-----------------+----------------------------------------------+------------------------------------------------------------------------------------------------------------------------+-------------+
; File Name with User-Entered Path                                   ; Used in Netlist ; File Type                                    ; File Name with Absolute Path                                                                                           ; Library     ;
+--------------------------------------------------------------------+-----------------+----------------------------------------------+------------------------------------------------------------------------------------------------------------------------+-------------+
; rom.v                                                              ; yes             ; User Wizard-Generated File                   ; /home/DICS/M10912039/RISC-V/SingleCycle_RISC-V/fpga/rom.v                                                              ;             ;
; altsyncram.tdf                                                     ; yes             ; Megafunction                                 ; /home/DICS/M10912039/intelFPGA_lite/20.1/quartus/libraries/megafunctions/altsyncram.tdf                                ;             ;
; stratix_ram_block.inc                                              ; yes             ; Megafunction                                 ; /home/DICS/M10912039/intelFPGA_lite/20.1/quartus/libraries/megafunctions/stratix_ram_block.inc                         ;             ;
; lpm_mux.inc                                                        ; yes             ; Megafunction                                 ; /home/DICS/M10912039/intelFPGA_lite/20.1/quartus/libraries/megafunctions/lpm_mux.inc                                   ;             ;
; lpm_decode.inc                                                     ; yes             ; Megafunction                                 ; /home/DICS/M10912039/intelFPGA_lite/20.1/quartus/libraries/megafunctions/lpm_decode.inc                                ;             ;
; aglobal201.inc                                                     ; yes             ; Megafunction                                 ; /home/DICS/M10912039/intelFPGA_lite/20.1/quartus/libraries/megafunctions/aglobal201.inc                                ;             ;
; a_rdenreg.inc                                                      ; yes             ; Megafunction                                 ; /home/DICS/M10912039/intelFPGA_lite/20.1/quartus/libraries/megafunctions/a_rdenreg.inc                                 ;             ;
; altrom.inc                                                         ; yes             ; Megafunction                                 ; /home/DICS/M10912039/intelFPGA_lite/20.1/quartus/libraries/megafunctions/altrom.inc                                    ;             ;
; altram.inc                                                         ; yes             ; Megafunction                                 ; /home/DICS/M10912039/intelFPGA_lite/20.1/quartus/libraries/megafunctions/altram.inc                                    ;             ;
; altdpram.inc                                                       ; yes             ; Megafunction                                 ; /home/DICS/M10912039/intelFPGA_lite/20.1/quartus/libraries/megafunctions/altdpram.inc                                  ;             ;
; db/altsyncram_lmc1.tdf                                             ; yes             ; Auto-Generated Megafunction                  ; /home/DICS/M10912039/RISC-V/SingleCycle_RISC-V/fpga/db/altsyncram_lmc1.tdf                                             ;             ;
; db/altsyncram_jge2.tdf                                             ; yes             ; Auto-Generated Megafunction                  ; /home/DICS/M10912039/RISC-V/SingleCycle_RISC-V/fpga/db/altsyncram_jge2.tdf                                             ;             ;
; ./rom_data/main.mif                                                ; yes             ; Auto-Found Memory Initialization File        ; /home/DICS/M10912039/RISC-V/SingleCycle_RISC-V/fpga/rom_data/main.mif                                                  ;             ;
; db/decode_rsa.tdf                                                  ; yes             ; Auto-Generated Megafunction                  ; /home/DICS/M10912039/RISC-V/SingleCycle_RISC-V/fpga/db/decode_rsa.tdf                                                  ;             ;
; db/decode_k8a.tdf                                                  ; yes             ; Auto-Generated Megafunction                  ; /home/DICS/M10912039/RISC-V/SingleCycle_RISC-V/fpga/db/decode_k8a.tdf                                                  ;             ;
; db/mux_oob.tdf                                                     ; yes             ; Auto-Generated Megafunction                  ; /home/DICS/M10912039/RISC-V/SingleCycle_RISC-V/fpga/db/mux_oob.tdf                                                     ;             ;
; sld_mod_ram_rom.vhd                                                ; yes             ; Encrypted Megafunction                       ; /home/DICS/M10912039/intelFPGA_lite/20.1/quartus/libraries/megafunctions/sld_mod_ram_rom.vhd                           ;             ;
; sld_jtag_endpoint_adapter.vhd                                      ; yes             ; Encrypted Megafunction                       ; /home/DICS/M10912039/intelFPGA_lite/20.1/quartus/libraries/megafunctions/sld_jtag_endpoint_adapter.vhd                 ;             ;
; sld_jtag_endpoint_adapter_impl.sv                                  ; yes             ; Encrypted Megafunction                       ; /home/DICS/M10912039/intelFPGA_lite/20.1/quartus/libraries/megafunctions/sld_jtag_endpoint_adapter_impl.sv             ;             ;
; sld_rom_sr.vhd                                                     ; yes             ; Encrypted Megafunction                       ; /home/DICS/M10912039/intelFPGA_lite/20.1/quartus/libraries/megafunctions/sld_rom_sr.vhd                                ;             ;
; sld_hub.vhd                                                        ; yes             ; Encrypted Megafunction                       ; /home/DICS/M10912039/intelFPGA_lite/20.1/quartus/libraries/megafunctions/sld_hub.vhd                                   ; altera_sld  ;
; db/ip/slde8f7f207/alt_sld_fab.v                                    ; yes             ; Encrypted Auto-Found Verilog HDL File        ; /home/DICS/M10912039/RISC-V/SingleCycle_RISC-V/fpga/db/ip/slde8f7f207/alt_sld_fab.v                                    ; alt_sld_fab ;
; db/ip/slde8f7f207/submodules/alt_sld_fab_alt_sld_fab.v             ; yes             ; Encrypted Auto-Found Verilog HDL File        ; /home/DICS/M10912039/RISC-V/SingleCycle_RISC-V/fpga/db/ip/slde8f7f207/submodules/alt_sld_fab_alt_sld_fab.v             ; alt_sld_fab ;
; db/ip/slde8f7f207/submodules/alt_sld_fab_alt_sld_fab_ident.sv      ; yes             ; Auto-Found SystemVerilog HDL File            ; /home/DICS/M10912039/RISC-V/SingleCycle_RISC-V/fpga/db/ip/slde8f7f207/submodules/alt_sld_fab_alt_sld_fab_ident.sv      ; alt_sld_fab ;
; db/ip/slde8f7f207/submodules/alt_sld_fab_alt_sld_fab_presplit.sv   ; yes             ; Encrypted Auto-Found SystemVerilog HDL File  ; /home/DICS/M10912039/RISC-V/SingleCycle_RISC-V/fpga/db/ip/slde8f7f207/submodules/alt_sld_fab_alt_sld_fab_presplit.sv   ; alt_sld_fab ;
; db/ip/slde8f7f207/submodules/alt_sld_fab_alt_sld_fab_sldfabric.vhd ; yes             ; Encrypted Auto-Found VHDL File               ; /home/DICS/M10912039/RISC-V/SingleCycle_RISC-V/fpga/db/ip/slde8f7f207/submodules/alt_sld_fab_alt_sld_fab_sldfabric.vhd ; alt_sld_fab ;
; db/ip/slde8f7f207/submodules/alt_sld_fab_alt_sld_fab_splitter.sv   ; yes             ; Encrypted Auto-Found SystemVerilog HDL File  ; /home/DICS/M10912039/RISC-V/SingleCycle_RISC-V/fpga/db/ip/slde8f7f207/submodules/alt_sld_fab_alt_sld_fab_splitter.sv   ; alt_sld_fab ;
; sld_jtag_hub.vhd                                                   ; yes             ; Encrypted Megafunction                       ; /home/DICS/M10912039/intelFPGA_lite/20.1/quartus/libraries/megafunctions/sld_jtag_hub.vhd                              ;             ;
+--------------------------------------------------------------------+-----------------+----------------------------------------------+------------------------------------------------------------------------------------------------------------------------+-------------+


+------------------------------------------------------------------------+
; Analysis & Synthesis Resource Usage Summary                            ;
+---------------------------------------------+--------------------------+
; Resource                                    ; Usage                    ;
+---------------------------------------------+--------------------------+
; Estimated Total logic elements              ; 572                      ;
;                                             ;                          ;
; Total combinational functions               ; 535                      ;
; Logic element usage by number of LUT inputs ;                          ;
;     -- 4 input functions                    ; 348                      ;
;     -- 3 input functions                    ; 114                      ;
;     -- <=2 input functions                  ; 73                       ;
;                                             ;                          ;
; Logic elements by mode                      ;                          ;
;     -- normal mode                          ; 503                      ;
;     -- arithmetic mode                      ; 32                       ;
;                                             ;                          ;
; Total registers                             ; 164                      ;
;     -- Dedicated logic registers            ; 164                      ;
;     -- I/O registers                        ; 0                        ;
;                                             ;                          ;
; I/O pins                                    ; 49                       ;
; Total memory bits                           ; 2097152                  ;
;                                             ;                          ;
; Embedded Multiplier 9-bit elements          ; 0                        ;
;                                             ;                          ;
; Maximum fan-out node                        ; altera_internal_jtag~TDO ;
; Maximum fan-out                             ; 440                      ;
; Total fan-out                               ; 10779                    ;
; Average fan-out                             ; 10.15                    ;
+---------------------------------------------+--------------------------+


+-------------------------------------------------------------------------------------------------------------------------------------------------------------------------------------------------------------------------------------------------------------------------------------------------------------------------------------------------------------------------------------------------------------------------------------------------------------------------------------------------------------------------------------------------------------------------------------------------------------------------------------------------------------------------+
; Analysis & Synthesis Resource Utilization by Entity                                                                                                                                                                                                                                                                                                                                                                                                                                                                                                                                                                                                                     ;
+-----------------------------------------------------------------------------------------------------------------------------------------+---------------------+---------------------------+-------------+--------------+---------+-----------+------+--------------+-------------------------------------------------------------------------------------------------------------------------------------------------------------------------------------------------------------------------------------------------------------------------------------------------------------------------------------------------+-----------------------------------+--------------+
; Compilation Hierarchy Node                                                                                                              ; Combinational ALUTs ; Dedicated Logic Registers ; Memory Bits ; DSP Elements ; DSP 9x9 ; DSP 18x18 ; Pins ; Virtual Pins ; Full Hierarchy Name                                                                                                                                                                                                                                                                                                                             ; Entity Name                       ; Library Name ;
+-----------------------------------------------------------------------------------------------------------------------------------------+---------------------+---------------------------+-------------+--------------+---------+-----------+------+--------------+-------------------------------------------------------------------------------------------------------------------------------------------------------------------------------------------------------------------------------------------------------------------------------------------------------------------------------------------------+-----------------------------------+--------------+
; |rom                                                                                                                                    ; 535 (1)             ; 164 (0)                   ; 2097152     ; 0            ; 0       ; 0         ; 49   ; 0            ; |rom                                                                                                                                                                                                                                                                                                                                            ; rom                               ; work         ;
;    |altsyncram:altsyncram_component|                                                                                                    ; 415 (0)             ; 78 (0)                    ; 2097152     ; 0            ; 0       ; 0         ; 0    ; 0            ; |rom|altsyncram:altsyncram_component                                                                                                                                                                                                                                                                                                            ; altsyncram                        ; work         ;
;       |altsyncram_lmc1:auto_generated|                                                                                                  ; 415 (0)             ; 78 (0)                    ; 2097152     ; 0            ; 0       ; 0         ; 0    ; 0            ; |rom|altsyncram:altsyncram_component|altsyncram_lmc1:auto_generated                                                                                                                                                                                                                                                                             ; altsyncram_lmc1                   ; work         ;
;          |altsyncram_jge2:altsyncram1|                                                                                                  ; 312 (0)             ; 6 (6)                     ; 2097152     ; 0            ; 0       ; 0         ; 0    ; 0            ; |rom|altsyncram:altsyncram_component|altsyncram_lmc1:auto_generated|altsyncram_jge2:altsyncram1                                                                                                                                                                                                                                                 ; altsyncram_jge2                   ; work         ;
;             |decode_k8a:rden_decode_a|                                                                                                  ; 8 (8)               ; 0 (0)                     ; 0           ; 0            ; 0       ; 0         ; 0    ; 0            ; |rom|altsyncram:altsyncram_component|altsyncram_lmc1:auto_generated|altsyncram_jge2:altsyncram1|decode_k8a:rden_decode_a                                                                                                                                                                                                                        ; decode_k8a                        ; work         ;
;             |decode_k8a:rden_decode_b|                                                                                                  ; 6 (6)               ; 0 (0)                     ; 0           ; 0            ; 0       ; 0         ; 0    ; 0            ; |rom|altsyncram:altsyncram_component|altsyncram_lmc1:auto_generated|altsyncram_jge2:altsyncram1|decode_k8a:rden_decode_b                                                                                                                                                                                                                        ; decode_k8a                        ; work         ;
;             |decode_rsa:decode5|                                                                                                        ; 10 (10)             ; 0 (0)                     ; 0           ; 0            ; 0       ; 0         ; 0    ; 0            ; |rom|altsyncram:altsyncram_component|altsyncram_lmc1:auto_generated|altsyncram_jge2:altsyncram1|decode_rsa:decode5                                                                                                                                                                                                                              ; decode_rsa                        ; work         ;
;             |mux_oob:mux6|                                                                                                              ; 160 (160)           ; 0 (0)                     ; 0           ; 0            ; 0       ; 0         ; 0    ; 0            ; |rom|altsyncram:altsyncram_component|altsyncram_lmc1:auto_generated|altsyncram_jge2:altsyncram1|mux_oob:mux6                                                                                                                                                                                                                                    ; mux_oob                           ; work         ;
;             |mux_oob:mux7|                                                                                                              ; 128 (128)           ; 0 (0)                     ; 0           ; 0            ; 0       ; 0         ; 0    ; 0            ; |rom|altsyncram:altsyncram_component|altsyncram_lmc1:auto_generated|altsyncram_jge2:altsyncram1|mux_oob:mux7                                                                                                                                                                                                                                    ; mux_oob                           ; work         ;
;          |sld_mod_ram_rom:mgl_prim2|                                                                                                    ; 103 (81)            ; 72 (63)                   ; 0           ; 0            ; 0       ; 0         ; 0    ; 0            ; |rom|altsyncram:altsyncram_component|altsyncram_lmc1:auto_generated|sld_mod_ram_rom:mgl_prim2                                                                                                                                                                                                                                                   ; sld_mod_ram_rom                   ; work         ;
;             |sld_rom_sr:\ram_rom_logic_gen:name_gen:info_rom_sr|                                                                        ; 22 (22)             ; 9 (9)                     ; 0           ; 0            ; 0       ; 0         ; 0    ; 0            ; |rom|altsyncram:altsyncram_component|altsyncram_lmc1:auto_generated|sld_mod_ram_rom:mgl_prim2|sld_rom_sr:\ram_rom_logic_gen:name_gen:info_rom_sr                                                                                                                                                                                                ; sld_rom_sr                        ; work         ;
;    |sld_hub:auto_hub|                                                                                                                   ; 119 (1)             ; 86 (0)                    ; 0           ; 0            ; 0       ; 0         ; 0    ; 0            ; |rom|sld_hub:auto_hub                                                                                                                                                                                                                                                                                                                           ; sld_hub                           ; altera_sld   ;
;       |alt_sld_fab_with_jtag_input:\instrumentation_fabric_with_node_gen:fabric_gen_new_way:with_jtag_input_gen:instrumentation_fabric| ; 118 (0)             ; 86 (0)                    ; 0           ; 0            ; 0       ; 0         ; 0    ; 0            ; |rom|sld_hub:auto_hub|alt_sld_fab_with_jtag_input:\instrumentation_fabric_with_node_gen:fabric_gen_new_way:with_jtag_input_gen:instrumentation_fabric                                                                                                                                                                                           ; alt_sld_fab_with_jtag_input       ; altera_sld   ;
;          |alt_sld_fab:instrumentation_fabric|                                                                                           ; 118 (0)             ; 86 (0)                    ; 0           ; 0            ; 0       ; 0         ; 0    ; 0            ; |rom|sld_hub:auto_hub|alt_sld_fab_with_jtag_input:\instrumentation_fabric_with_node_gen:fabric_gen_new_way:with_jtag_input_gen:instrumentation_fabric|alt_sld_fab:instrumentation_fabric                                                                                                                                                        ; alt_sld_fab                       ; alt_sld_fab  ;
;             |alt_sld_fab_alt_sld_fab:alt_sld_fab|                                                                                       ; 118 (1)             ; 86 (5)                    ; 0           ; 0            ; 0       ; 0         ; 0    ; 0            ; |rom|sld_hub:auto_hub|alt_sld_fab_with_jtag_input:\instrumentation_fabric_with_node_gen:fabric_gen_new_way:with_jtag_input_gen:instrumentation_fabric|alt_sld_fab:instrumentation_fabric|alt_sld_fab_alt_sld_fab:alt_sld_fab                                                                                                                    ; alt_sld_fab_alt_sld_fab           ; alt_sld_fab  ;
;                |alt_sld_fab_alt_sld_fab_sldfabric:sldfabric|                                                                            ; 117 (0)             ; 81 (0)                    ; 0           ; 0            ; 0       ; 0         ; 0    ; 0            ; |rom|sld_hub:auto_hub|alt_sld_fab_with_jtag_input:\instrumentation_fabric_with_node_gen:fabric_gen_new_way:with_jtag_input_gen:instrumentation_fabric|alt_sld_fab:instrumentation_fabric|alt_sld_fab_alt_sld_fab:alt_sld_fab|alt_sld_fab_alt_sld_fab_sldfabric:sldfabric                                                                        ; alt_sld_fab_alt_sld_fab_sldfabric ; alt_sld_fab  ;
;                   |sld_jtag_hub:\jtag_hub_gen:real_sld_jtag_hub|                                                                        ; 117 (81)            ; 81 (53)                   ; 0           ; 0            ; 0       ; 0         ; 0    ; 0            ; |rom|sld_hub:auto_hub|alt_sld_fab_with_jtag_input:\instrumentation_fabric_with_node_gen:fabric_gen_new_way:with_jtag_input_gen:instrumentation_fabric|alt_sld_fab:instrumentation_fabric|alt_sld_fab_alt_sld_fab:alt_sld_fab|alt_sld_fab_alt_sld_fab_sldfabric:sldfabric|sld_jtag_hub:\jtag_hub_gen:real_sld_jtag_hub                           ; sld_jtag_hub                      ; work         ;
;                      |sld_rom_sr:hub_info_reg|                                                                                          ; 18 (18)             ; 9 (9)                     ; 0           ; 0            ; 0       ; 0         ; 0    ; 0            ; |rom|sld_hub:auto_hub|alt_sld_fab_with_jtag_input:\instrumentation_fabric_with_node_gen:fabric_gen_new_way:with_jtag_input_gen:instrumentation_fabric|alt_sld_fab:instrumentation_fabric|alt_sld_fab_alt_sld_fab:alt_sld_fab|alt_sld_fab_alt_sld_fab_sldfabric:sldfabric|sld_jtag_hub:\jtag_hub_gen:real_sld_jtag_hub|sld_rom_sr:hub_info_reg   ; sld_rom_sr                        ; work         ;
;                      |sld_shadow_jsm:shadow_jsm|                                                                                        ; 18 (18)             ; 19 (19)                   ; 0           ; 0            ; 0       ; 0         ; 0    ; 0            ; |rom|sld_hub:auto_hub|alt_sld_fab_with_jtag_input:\instrumentation_fabric_with_node_gen:fabric_gen_new_way:with_jtag_input_gen:instrumentation_fabric|alt_sld_fab:instrumentation_fabric|alt_sld_fab_alt_sld_fab:alt_sld_fab|alt_sld_fab_alt_sld_fab_sldfabric:sldfabric|sld_jtag_hub:\jtag_hub_gen:real_sld_jtag_hub|sld_shadow_jsm:shadow_jsm ; sld_shadow_jsm                    ; altera_sld   ;
+-----------------------------------------------------------------------------------------------------------------------------------------+---------------------+---------------------------+-------------+--------------+---------+-----------+------+--------------+-------------------------------------------------------------------------------------------------------------------------------------------------------------------------------------------------------------------------------------------------------------------------------------------------------------------------------------------------+-----------------------------------+--------------+
Note: For table entries with two numbers listed, the numbers in parentheses indicate the number of resources of the given type used by the specific entity alone. The numbers listed outside of parentheses indicate the total resources of the given type used by the specific entity and all of its sub-entities in the hierarchy.


+---------------------------------------------------------------------------------------------------------------------------------------------------------------------------------------------------------------------------+
; Analysis & Synthesis RAM Summary                                                                                                                                                                                          ;
+-------------------------------------------------------------------------------------------------------+------+----------------+--------------+--------------+--------------+--------------+---------+---------------------+
; Name                                                                                                  ; Type ; Mode           ; Port A Depth ; Port A Width ; Port B Depth ; Port B Width ; Size    ; MIF                 ;
+-------------------------------------------------------------------------------------------------------+------+----------------+--------------+--------------+--------------+--------------+---------+---------------------+
; altsyncram:altsyncram_component|altsyncram_lmc1:auto_generated|altsyncram_jge2:altsyncram1|ALTSYNCRAM ; AUTO ; True Dual Port ; 65536        ; 32           ; 65536        ; 32           ; 2097152 ; ./rom_data/main.mif ;
+-------------------------------------------------------------------------------------------------------+------+----------------+--------------+--------------+--------------+--------------+---------+---------------------+


+------------------------------------------------------------------------------------------------------------------------------------------------------------------------------------------------------------------------------------------------------------------------------------------------------------------------------------------------------------+
; Analysis & Synthesis IP Cores Summary                                                                                                                                                                                                                                                                                                                      ;
+--------+--------------+---------+--------------+--------------+--------------------------------------------------------------------------------------------------------------------------------------------------------------------------------------------------------------------------------------------------------------------------+-----------------+
; Vendor ; IP Core Name ; Version ; Release Date ; License Type ; Entity Instance                                                                                                                                                                                                                                                          ; IP Include File ;
+--------+--------------+---------+--------------+--------------+--------------------------------------------------------------------------------------------------------------------------------------------------------------------------------------------------------------------------------------------------------------------------+-----------------+
; Altera ; ROM: 1-PORT  ; 20.1    ; N/A          ; N/A          ; |rom                                                                                                                                                                                                                                                                     ; rom.v           ;
; Altera ; Signal Tap   ; N/A     ; N/A          ; Licensed     ; |rom|sld_hub:auto_hub|alt_sld_fab_with_jtag_input:\instrumentation_fabric_with_node_gen:fabric_gen_new_way:with_jtag_input_gen:instrumentation_fabric|alt_sld_fab:instrumentation_fabric                                                                                 ;                 ;
; Altera ; Signal Tap   ; N/A     ; N/A          ; Licensed     ; |rom|sld_hub:auto_hub|alt_sld_fab_with_jtag_input:\instrumentation_fabric_with_node_gen:fabric_gen_new_way:with_jtag_input_gen:instrumentation_fabric|alt_sld_fab:instrumentation_fabric|alt_sld_fab_alt_sld_fab:alt_sld_fab                                             ;                 ;
; Altera ; Signal Tap   ; N/A     ; N/A          ; Licensed     ; |rom|sld_hub:auto_hub|alt_sld_fab_with_jtag_input:\instrumentation_fabric_with_node_gen:fabric_gen_new_way:with_jtag_input_gen:instrumentation_fabric|alt_sld_fab:instrumentation_fabric|alt_sld_fab_alt_sld_fab:alt_sld_fab|alt_sld_fab_alt_sld_fab_presplit:presplit   ;                 ;
; Altera ; Signal Tap   ; N/A     ; N/A          ; Licensed     ; |rom|sld_hub:auto_hub|alt_sld_fab_with_jtag_input:\instrumentation_fabric_with_node_gen:fabric_gen_new_way:with_jtag_input_gen:instrumentation_fabric|alt_sld_fab:instrumentation_fabric|alt_sld_fab_alt_sld_fab:alt_sld_fab|alt_sld_fab_alt_sld_fab_sldfabric:sldfabric ;                 ;
; Altera ; Signal Tap   ; N/A     ; N/A          ; Licensed     ; |rom|sld_hub:auto_hub|alt_sld_fab_with_jtag_input:\instrumentation_fabric_with_node_gen:fabric_gen_new_way:with_jtag_input_gen:instrumentation_fabric|alt_sld_fab:instrumentation_fabric|alt_sld_fab_alt_sld_fab:alt_sld_fab|alt_sld_fab_alt_sld_fab_splitter:splitter   ;                 ;
+--------+--------------+---------+--------------+--------------+--------------------------------------------------------------------------------------------------------------------------------------------------------------------------------------------------------------------------------------------------------------------------+-----------------+


+------------------------------------------------------+
; General Register Statistics                          ;
+----------------------------------------------+-------+
; Statistic                                    ; Value ;
+----------------------------------------------+-------+
; Total registers                              ; 164   ;
; Number of registers using Synchronous Clear  ; 17    ;
; Number of registers using Synchronous Load   ; 59    ;
; Number of registers using Asynchronous Clear ; 64    ;
; Number of registers using Asynchronous Load  ; 0     ;
; Number of registers using Clock Enable       ; 122   ;
; Number of registers using Preset             ; 0     ;
+----------------------------------------------+-------+


+-------------------------------------------------------------------------------------------------------------------------------------------------------------------------------------------------------------------------------------------------------------------------------------------------------------------------------------------+
; Inverted Register Statistics                                                                                                                                                                                                                                                                                                              ;
+---------------------------------------------------------------------------------------------------------------------------------------------------------------------------------------------------------------------------------------------------------------------------------------------------------------------------------+---------+
; Inverted Register                                                                                                                                                                                                                                                                                                               ; Fan out ;
+---------------------------------------------------------------------------------------------------------------------------------------------------------------------------------------------------------------------------------------------------------------------------------------------------------------------------------+---------+
; sld_hub:auto_hub|alt_sld_fab_with_jtag_input:\instrumentation_fabric_with_node_gen:fabric_gen_new_way:with_jtag_input_gen:instrumentation_fabric|alt_sld_fab:instrumentation_fabric|alt_sld_fab_alt_sld_fab:alt_sld_fab|alt_sld_fab_alt_sld_fab_sldfabric:sldfabric|sld_jtag_hub:\jtag_hub_gen:real_sld_jtag_hub|jtag_ir_reg[2] ; 2       ;
; sld_hub:auto_hub|alt_sld_fab_with_jtag_input:\instrumentation_fabric_with_node_gen:fabric_gen_new_way:with_jtag_input_gen:instrumentation_fabric|alt_sld_fab:instrumentation_fabric|alt_sld_fab_alt_sld_fab:alt_sld_fab|alt_sld_fab_alt_sld_fab_sldfabric:sldfabric|sld_jtag_hub:\jtag_hub_gen:real_sld_jtag_hub|jtag_ir_reg[1] ; 3       ;
; Total number of inverted registers = 2                                                                                                                                                                                                                                                                                          ;         ;
+---------------------------------------------------------------------------------------------------------------------------------------------------------------------------------------------------------------------------------------------------------------------------------------------------------------------------------+---------+


+-----------------------------------------------------------------------------------------------------------------------------------------------------------------------------------------------------------------------------------------------------------------------------------------------------------------------------------------------------------------------------------------------------------------------------------------------------------------------------+
; Multiplexer Restructuring Statistics (Restructuring Performed)                                                                                                                                                                                                                                                                                                                                                                                                              ;
+--------------------+-----------+---------------+----------------------+------------------------+------------+---------------------------------------------------------------------------------------------------------------------------------------------------------------------------------------------------------------------------------------------------------------------------------------------------------------------------------------------------------------+
; Multiplexer Inputs ; Bus Width ; Baseline Area ; Area if Restructured ; Saving if Restructured ; Registered ; Example Multiplexer Output                                                                                                                                                                                                                                                                                                                                    ;
+--------------------+-----------+---------------+----------------------+------------------------+------------+---------------------------------------------------------------------------------------------------------------------------------------------------------------------------------------------------------------------------------------------------------------------------------------------------------------------------------------------------------------+
; 3:1                ; 6 bits    ; 12 LEs        ; 6 LEs                ; 6 LEs                  ; Yes        ; |rom|altsyncram:altsyncram_component|altsyncram_lmc1:auto_generated|sld_mod_ram_rom:mgl_prim2|ram_rom_data_shift_cntr_reg[0]                                                                                                                                                                                                                                  ;
; 3:1                ; 16 bits   ; 32 LEs        ; 16 LEs               ; 16 LEs                 ; Yes        ; |rom|altsyncram:altsyncram_component|altsyncram_lmc1:auto_generated|sld_mod_ram_rom:mgl_prim2|ram_rom_addr_reg[7]                                                                                                                                                                                                                                             ;
; 4:1                ; 32 bits   ; 64 LEs        ; 64 LEs               ; 0 LEs                  ; Yes        ; |rom|altsyncram:altsyncram_component|altsyncram_lmc1:auto_generated|sld_mod_ram_rom:mgl_prim2|ram_rom_data_reg[1]                                                                                                                                                                                                                                             ;
; 4:1                ; 5 bits    ; 10 LEs        ; 5 LEs                ; 5 LEs                  ; Yes        ; |rom|altsyncram:altsyncram_component|altsyncram_lmc1:auto_generated|sld_mod_ram_rom:mgl_prim2|sld_rom_sr:\ram_rom_logic_gen:name_gen:info_rom_sr|word_counter[0]                                                                                                                                                                                              ;
; 26:1               ; 4 bits    ; 68 LEs        ; 40 LEs               ; 28 LEs                 ; Yes        ; |rom|altsyncram:altsyncram_component|altsyncram_lmc1:auto_generated|sld_mod_ram_rom:mgl_prim2|sld_rom_sr:\ram_rom_logic_gen:name_gen:info_rom_sr|WORD_SR[3]                                                                                                                                                                                                   ;
; 3:1                ; 7 bits    ; 14 LEs        ; 7 LEs                ; 7 LEs                  ; Yes        ; |rom|sld_hub:auto_hub|alt_sld_fab_with_jtag_input:\instrumentation_fabric_with_node_gen:fabric_gen_new_way:with_jtag_input_gen:instrumentation_fabric|alt_sld_fab:instrumentation_fabric|alt_sld_fab_alt_sld_fab:alt_sld_fab|alt_sld_fab_alt_sld_fab_sldfabric:sldfabric|sld_jtag_hub:\jtag_hub_gen:real_sld_jtag_hub|irsr_reg[2]                             ;
; 3:1                ; 4 bits    ; 8 LEs         ; 4 LEs                ; 4 LEs                  ; Yes        ; |rom|sld_hub:auto_hub|alt_sld_fab_with_jtag_input:\instrumentation_fabric_with_node_gen:fabric_gen_new_way:with_jtag_input_gen:instrumentation_fabric|alt_sld_fab:instrumentation_fabric|alt_sld_fab_alt_sld_fab:alt_sld_fab|alt_sld_fab_alt_sld_fab_sldfabric:sldfabric|sld_jtag_hub:\jtag_hub_gen:real_sld_jtag_hub|hub_minor_ver_reg[3]                    ;
; 4:1                ; 5 bits    ; 10 LEs        ; 5 LEs                ; 5 LEs                  ; Yes        ; |rom|sld_hub:auto_hub|alt_sld_fab_with_jtag_input:\instrumentation_fabric_with_node_gen:fabric_gen_new_way:with_jtag_input_gen:instrumentation_fabric|alt_sld_fab:instrumentation_fabric|alt_sld_fab_alt_sld_fab:alt_sld_fab|alt_sld_fab_alt_sld_fab_sldfabric:sldfabric|sld_jtag_hub:\jtag_hub_gen:real_sld_jtag_hub|sld_rom_sr:hub_info_reg|word_counter[0] ;
; 4:1                ; 5 bits    ; 10 LEs        ; 5 LEs                ; 5 LEs                  ; Yes        ; |rom|sld_hub:auto_hub|alt_sld_fab_with_jtag_input:\instrumentation_fabric_with_node_gen:fabric_gen_new_way:with_jtag_input_gen:instrumentation_fabric|alt_sld_fab:instrumentation_fabric|alt_sld_fab_alt_sld_fab:alt_sld_fab|alt_sld_fab_alt_sld_fab_sldfabric:sldfabric|sld_jtag_hub:\jtag_hub_gen:real_sld_jtag_hub|mixer_addr_reg_internal[1]              ;
; 34:1               ; 4 bits    ; 88 LEs        ; 56 LEs               ; 32 LEs                 ; Yes        ; |rom|sld_hub:auto_hub|alt_sld_fab_with_jtag_input:\instrumentation_fabric_with_node_gen:fabric_gen_new_way:with_jtag_input_gen:instrumentation_fabric|alt_sld_fab:instrumentation_fabric|alt_sld_fab_alt_sld_fab:alt_sld_fab|alt_sld_fab_alt_sld_fab_sldfabric:sldfabric|sld_jtag_hub:\jtag_hub_gen:real_sld_jtag_hub|design_hash_reg[1]                      ;
; 20:1               ; 4 bits    ; 52 LEs        ; 32 LEs               ; 20 LEs                 ; Yes        ; |rom|sld_hub:auto_hub|alt_sld_fab_with_jtag_input:\instrumentation_fabric_with_node_gen:fabric_gen_new_way:with_jtag_input_gen:instrumentation_fabric|alt_sld_fab:instrumentation_fabric|alt_sld_fab_alt_sld_fab:alt_sld_fab|alt_sld_fab_alt_sld_fab_sldfabric:sldfabric|sld_jtag_hub:\jtag_hub_gen:real_sld_jtag_hub|sld_rom_sr:hub_info_reg|WORD_SR[1]      ;
+--------------------+-----------+---------------+----------------------+------------------------+------------+---------------------------------------------------------------------------------------------------------------------------------------------------------------------------------------------------------------------------------------------------------------------------------------------------------------------------------------------------------------+


+-------------------------------------------------------------------------------------------------------------------+
; Source assignments for altsyncram:altsyncram_component|altsyncram_lmc1:auto_generated|altsyncram_jge2:altsyncram1 ;
+---------------------------------+--------------------+------+-----------------------------------------------------+
; Assignment                      ; Value              ; From ; To                                                  ;
+---------------------------------+--------------------+------+-----------------------------------------------------+
; OPTIMIZE_POWER_DURING_SYNTHESIS ; NORMAL_COMPILATION ; -    ; -                                                   ;
+---------------------------------+--------------------+------+-----------------------------------------------------+


+------------------------------------------------------------------------------+
; Parameter Settings for User Entity Instance: altsyncram:altsyncram_component ;
+------------------------------------+----------------------+------------------+
; Parameter Name                     ; Value                ; Type             ;
+------------------------------------+----------------------+------------------+
; BYTE_SIZE_BLOCK                    ; 8                    ; Untyped          ;
; AUTO_CARRY_CHAINS                  ; ON                   ; AUTO_CARRY       ;
; IGNORE_CARRY_BUFFERS               ; OFF                  ; IGNORE_CARRY     ;
; AUTO_CASCADE_CHAINS                ; ON                   ; AUTO_CASCADE     ;
; IGNORE_CASCADE_BUFFERS             ; OFF                  ; IGNORE_CASCADE   ;
; WIDTH_BYTEENA                      ; 1                    ; Untyped          ;
; OPERATION_MODE                     ; ROM                  ; Untyped          ;
; WIDTH_A                            ; 32                   ; Signed Integer   ;
; WIDTHAD_A                          ; 16                   ; Signed Integer   ;
; NUMWORDS_A                         ; 65536                ; Signed Integer   ;
; OUTDATA_REG_A                      ; UNREGISTERED         ; Untyped          ;
; ADDRESS_ACLR_A                     ; NONE                 ; Untyped          ;
; OUTDATA_ACLR_A                     ; NONE                 ; Untyped          ;
; WRCONTROL_ACLR_A                   ; NONE                 ; Untyped          ;
; INDATA_ACLR_A                      ; NONE                 ; Untyped          ;
; BYTEENA_ACLR_A                     ; NONE                 ; Untyped          ;
; WIDTH_B                            ; 1                    ; Untyped          ;
; WIDTHAD_B                          ; 1                    ; Untyped          ;
; NUMWORDS_B                         ; 1                    ; Untyped          ;
; INDATA_REG_B                       ; CLOCK1               ; Untyped          ;
; WRCONTROL_WRADDRESS_REG_B          ; CLOCK1               ; Untyped          ;
; RDCONTROL_REG_B                    ; CLOCK1               ; Untyped          ;
; ADDRESS_REG_B                      ; CLOCK1               ; Untyped          ;
; OUTDATA_REG_B                      ; UNREGISTERED         ; Untyped          ;
; BYTEENA_REG_B                      ; CLOCK1               ; Untyped          ;
; INDATA_ACLR_B                      ; NONE                 ; Untyped          ;
; WRCONTROL_ACLR_B                   ; NONE                 ; Untyped          ;
; ADDRESS_ACLR_B                     ; NONE                 ; Untyped          ;
; OUTDATA_ACLR_B                     ; NONE                 ; Untyped          ;
; RDCONTROL_ACLR_B                   ; NONE                 ; Untyped          ;
; BYTEENA_ACLR_B                     ; NONE                 ; Untyped          ;
; WIDTH_BYTEENA_A                    ; 1                    ; Signed Integer   ;
; WIDTH_BYTEENA_B                    ; 1                    ; Untyped          ;
; RAM_BLOCK_TYPE                     ; AUTO                 ; Untyped          ;
; BYTE_SIZE                          ; 8                    ; Untyped          ;
; READ_DURING_WRITE_MODE_MIXED_PORTS ; DONT_CARE            ; Untyped          ;
; READ_DURING_WRITE_MODE_PORT_A      ; NEW_DATA_NO_NBE_READ ; Untyped          ;
; READ_DURING_WRITE_MODE_PORT_B      ; NEW_DATA_NO_NBE_READ ; Untyped          ;
; INIT_FILE                          ; ./rom_data/main.mif  ; Untyped          ;
; INIT_FILE_LAYOUT                   ; PORT_A               ; Untyped          ;
; MAXIMUM_DEPTH                      ; 0                    ; Untyped          ;
; CLOCK_ENABLE_INPUT_A               ; BYPASS               ; Untyped          ;
; CLOCK_ENABLE_INPUT_B               ; NORMAL               ; Untyped          ;
; CLOCK_ENABLE_OUTPUT_A              ; BYPASS               ; Untyped          ;
; CLOCK_ENABLE_OUTPUT_B              ; NORMAL               ; Untyped          ;
; CLOCK_ENABLE_CORE_A                ; USE_INPUT_CLKEN      ; Untyped          ;
; CLOCK_ENABLE_CORE_B                ; USE_INPUT_CLKEN      ; Untyped          ;
; ENABLE_ECC                         ; FALSE                ; Untyped          ;
; ECC_PIPELINE_STAGE_ENABLED         ; FALSE                ; Untyped          ;
; WIDTH_ECCSTATUS                    ; 3                    ; Untyped          ;
; DEVICE_FAMILY                      ; Cyclone IV E         ; Untyped          ;
; CBXI_PARAMETER                     ; altsyncram_lmc1      ; Untyped          ;
+------------------------------------+----------------------+------------------+
Note: In order to hide this table in the UI and the text report file, please set the "Show Parameter Settings in Synthesis Report" option in "Analysis and Synthesis Settings -> More Settings" to "Off".


+-----------------------------------------------------------------------------+
; altsyncram Parameter Settings by Entity Instance                            ;
+-------------------------------------------+---------------------------------+
; Name                                      ; Value                           ;
+-------------------------------------------+---------------------------------+
; Number of entity instances                ; 1                               ;
; Entity Instance                           ; altsyncram:altsyncram_component ;
;     -- OPERATION_MODE                     ; ROM                             ;
;     -- WIDTH_A                            ; 32                              ;
;     -- NUMWORDS_A                         ; 65536                           ;
;     -- OUTDATA_REG_A                      ; UNREGISTERED                    ;
;     -- WIDTH_B                            ; 1                               ;
;     -- NUMWORDS_B                         ; 1                               ;
;     -- ADDRESS_REG_B                      ; CLOCK1                          ;
;     -- OUTDATA_REG_B                      ; UNREGISTERED                    ;
;     -- RAM_BLOCK_TYPE                     ; AUTO                            ;
;     -- READ_DURING_WRITE_MODE_MIXED_PORTS ; DONT_CARE                       ;
+-------------------------------------------+---------------------------------+


+----------------------------------------------------------------------------------------------------------------------------+
; In-System Memory Content Editor Settings                                                                                   ;
+----------------+-------------+-------+-------+------------+----------------------------------------------------------------+
; Instance Index ; Instance ID ; Width ; Depth ; Mode       ; Hierarchy Location                                             ;
+----------------+-------------+-------+-------+------------+----------------------------------------------------------------+
; 0              ; IM          ; 32    ; 65536 ; Read/Write ; altsyncram:altsyncram_component|altsyncram_lmc1:auto_generated ;
+----------------+-------------+-------+-------+------------+----------------------------------------------------------------+


+-----------------------------------------------------+
; Post-Synthesis Netlist Statistics for Top Partition ;
+-----------------------+-----------------------------+
; Type                  ; Count                       ;
+-----------------------+-----------------------------+
; boundary_port         ; 76                          ;
; cycloneiii_ff         ; 78                          ;
;     CLR               ; 7                           ;
;     CLR SLD           ; 1                           ;
;     ENA               ; 4                           ;
;     ENA CLR           ; 7                           ;
;     ENA CLR SLD       ; 16                          ;
;     ENA SCLR          ; 5                           ;
;     ENA SLD           ; 32                          ;
;     plain             ; 6                           ;
; cycloneiii_lcell_comb ; 415                         ;
;     arith             ; 24                          ;
;         2 data inputs ; 24                          ;
;     normal            ; 391                         ;
;         1 data inputs ; 3                           ;
;         2 data inputs ; 9                           ;
;         3 data inputs ; 84                          ;
;         4 data inputs ; 295                         ;
; cycloneiii_ram_block  ; 256                         ;
;                       ;                             ;
; Max LUT depth         ; 4.00                        ;
; Average LUT depth     ; 2.47                        ;
+-----------------------+-----------------------------+


+------------------------------------------------------------------+
; Post-Synthesis Netlist Statistics for Partition sld_hub:auto_hub ;
+-----------------------+------------------------------------------+
; Type                  ; Count                                    ;
+-----------------------+------------------------------------------+
; boundary_port         ; 103                                      ;
; cycloneiii_ff         ; 86                                       ;
;     CLR               ; 5                                        ;
;     ENA               ; 16                                       ;
;     ENA CLR           ; 27                                       ;
;     ENA CLR SLD       ; 1                                        ;
;     ENA SCLR          ; 5                                        ;
;     ENA SLD           ; 9                                        ;
;     SCLR              ; 7                                        ;
;     plain             ; 16                                       ;
; cycloneiii_lcell_comb ; 119                                      ;
;     arith             ; 8                                        ;
;         2 data inputs ; 8                                        ;
;     normal            ; 111                                      ;
;         0 data inputs ; 1                                        ;
;         1 data inputs ; 6                                        ;
;         2 data inputs ; 21                                       ;
;         3 data inputs ; 30                                       ;
;         4 data inputs ; 53                                       ;
;                       ;                                          ;
; Max LUT depth         ; 4.00                                     ;
; Average LUT depth     ; 1.81                                     ;
+-----------------------+------------------------------------------+


+---------------------------------+
; Elapsed Time Per Partition      ;
+------------------+--------------+
; Partition Name   ; Elapsed Time ;
+------------------+--------------+
; Top              ; 00:00:01     ;
; sld_hub:auto_hub ; 00:00:00     ;
+------------------+--------------+


+-------------------------------+
; Analysis & Synthesis Messages ;
+-------------------------------+
Info: *******************************************************************
Info: Running Quartus Prime Analysis & Synthesis
    Info: Version 20.1.0 Build 711 06/05/2020 SJ Lite Edition
    Info: Processing started: Fri Sep 24 16:19:10 2021
Info: Command: quartus_map --read_settings_files=on --write_settings_files=off risc-v -c risc-v
Warning (18236): Number of processors has not been specified which may cause overloading on shared machines.  Set the global assignment NUM_PARALLEL_PROCESSORS in your QSF to an appropriate value for best performance.
Info (20030): Parallel compilation is enabled and will use 6 of the 6 processors detected
Info (12021): Found 1 design units, including 1 entities, in source file risc-v.v
    Info (12023): Found entity 1: fpgaTop File: /home/DICS/M10912039/RISC-V/SingleCycle_RISC-V/fpga/risc-v.v Line: 1
Info (12021): Found 1 design units, including 1 entities, in source file rom.v
    Info (12023): Found entity 1: rom File: /home/DICS/M10912039/RISC-V/SingleCycle_RISC-V/fpga/rom.v Line: 40
Info (12127): Elaborating entity "rom" for the top level hierarchy
Info (12128): Elaborating entity "altsyncram" for hierarchy "altsyncram:altsyncram_component" File: /home/DICS/M10912039/RISC-V/SingleCycle_RISC-V/fpga/rom.v Line: 82
Info (12130): Elaborated megafunction instantiation "altsyncram:altsyncram_component" File: /home/DICS/M10912039/RISC-V/SingleCycle_RISC-V/fpga/rom.v Line: 82
Info (12133): Instantiated megafunction "altsyncram:altsyncram_component" with the following parameter: File: /home/DICS/M10912039/RISC-V/SingleCycle_RISC-V/fpga/rom.v Line: 82
    Info (12134): Parameter "address_aclr_a" = "NONE"
    Info (12134): Parameter "clock_enable_input_a" = "BYPASS"
    Info (12134): Parameter "clock_enable_output_a" = "BYPASS"
    Info (12134): Parameter "init_file" = "./rom_data/main.mif"
    Info (12134): Parameter "intended_device_family" = "Cyclone IV E"
    Info (12134): Parameter "lpm_hint" = "ENABLE_RUNTIME_MOD=YES,INSTANCE_NAME=IM"
    Info (12134): Parameter "lpm_type" = "altsyncram"
    Info (12134): Parameter "numwords_a" = "65536"
    Info (12134): Parameter "operation_mode" = "ROM"
    Info (12134): Parameter "outdata_aclr_a" = "NONE"
    Info (12134): Parameter "outdata_reg_a" = "UNREGISTERED"
    Info (12134): Parameter "widthad_a" = "16"
    Info (12134): Parameter "width_a" = "32"
    Info (12134): Parameter "width_byteena_a" = "1"
Info (12021): Found 1 design units, including 1 entities, in source file db/altsyncram_lmc1.tdf
    Info (12023): Found entity 1: altsyncram_lmc1 File: /home/DICS/M10912039/RISC-V/SingleCycle_RISC-V/fpga/db/altsyncram_lmc1.tdf Line: 28
Info (12128): Elaborating entity "altsyncram_lmc1" for hierarchy "altsyncram:altsyncram_component|altsyncram_lmc1:auto_generated" File: /home/DICS/M10912039/intelFPGA_lite/20.1/quartus/libraries/megafunctions/altsyncram.tdf Line: 792
Info (12021): Found 1 design units, including 1 entities, in source file db/altsyncram_jge2.tdf
    Info (12023): Found entity 1: altsyncram_jge2 File: /home/DICS/M10912039/RISC-V/SingleCycle_RISC-V/fpga/db/altsyncram_jge2.tdf Line: 34
Info (12128): Elaborating entity "altsyncram_jge2" for hierarchy "altsyncram:altsyncram_component|altsyncram_lmc1:auto_generated|altsyncram_jge2:altsyncram1" File: /home/DICS/M10912039/RISC-V/SingleCycle_RISC-V/fpga/db/altsyncram_lmc1.tdf Line: 35
Critical Warning (127005): Memory depth (65536) in the design file differs from memory depth (15) in the Memory Initialization File "/home/DICS/M10912039/RISC-V/SingleCycle_RISC-V/fpga/rom_data/main.mif" -- setting initial value for remaining addresses to 0 File: /home/DICS/M10912039/RISC-V/SingleCycle_RISC-V/fpga/rom.v Line: 82
Info (12021): Found 1 design units, including 1 entities, in source file db/decode_rsa.tdf
    Info (12023): Found entity 1: decode_rsa File: /home/DICS/M10912039/RISC-V/SingleCycle_RISC-V/fpga/db/decode_rsa.tdf Line: 23
Info (12128): Elaborating entity "decode_rsa" for hierarchy "altsyncram:altsyncram_component|altsyncram_lmc1:auto_generated|altsyncram_jge2:altsyncram1|decode_rsa:decode4" File: /home/DICS/M10912039/RISC-V/SingleCycle_RISC-V/fpga/db/altsyncram_jge2.tdf Line: 48
Info (12021): Found 1 design units, including 1 entities, in source file db/decode_k8a.tdf
    Info (12023): Found entity 1: decode_k8a File: /home/DICS/M10912039/RISC-V/SingleCycle_RISC-V/fpga/db/decode_k8a.tdf Line: 23
Info (12128): Elaborating entity "decode_k8a" for hierarchy "altsyncram:altsyncram_component|altsyncram_lmc1:auto_generated|altsyncram_jge2:altsyncram1|decode_k8a:rden_decode_a" File: /home/DICS/M10912039/RISC-V/SingleCycle_RISC-V/fpga/db/altsyncram_jge2.tdf Line: 50
Info (12021): Found 1 design units, including 1 entities, in source file db/mux_oob.tdf
    Info (12023): Found entity 1: mux_oob File: /home/DICS/M10912039/RISC-V/SingleCycle_RISC-V/fpga/db/mux_oob.tdf Line: 23
Info (12128): Elaborating entity "mux_oob" for hierarchy "altsyncram:altsyncram_component|altsyncram_lmc1:auto_generated|altsyncram_jge2:altsyncram1|mux_oob:mux6" File: /home/DICS/M10912039/RISC-V/SingleCycle_RISC-V/fpga/db/altsyncram_jge2.tdf Line: 52
Info (12128): Elaborating entity "sld_mod_ram_rom" for hierarchy "altsyncram:altsyncram_component|altsyncram_lmc1:auto_generated|sld_mod_ram_rom:mgl_prim2" File: /home/DICS/M10912039/RISC-V/SingleCycle_RISC-V/fpga/db/altsyncram_lmc1.tdf Line: 36
Info (12130): Elaborated megafunction instantiation "altsyncram:altsyncram_component|altsyncram_lmc1:auto_generated|sld_mod_ram_rom:mgl_prim2" File: /home/DICS/M10912039/RISC-V/SingleCycle_RISC-V/fpga/db/altsyncram_lmc1.tdf Line: 36
Info (12133): Instantiated megafunction "altsyncram:altsyncram_component|altsyncram_lmc1:auto_generated|sld_mod_ram_rom:mgl_prim2" with the following parameter: File: /home/DICS/M10912039/RISC-V/SingleCycle_RISC-V/fpga/db/altsyncram_lmc1.tdf Line: 36
    Info (12134): Parameter "CVALUE" = "00000000000000000000000000000000"
    Info (12134): Parameter "IS_DATA_IN_RAM" = "1"
    Info (12134): Parameter "IS_READABLE" = "1"
    Info (12134): Parameter "NODE_NAME" = "1229783040"
    Info (12134): Parameter "NUMWORDS" = "65536"
    Info (12134): Parameter "SHIFT_COUNT_BITS" = "6"
    Info (12134): Parameter "WIDTH_WORD" = "32"
    Info (12134): Parameter "WIDTHAD" = "16"
Info (12128): Elaborating entity "sld_jtag_endpoint_adapter" for hierarchy "altsyncram:altsyncram_component|altsyncram_lmc1:auto_generated|sld_mod_ram_rom:mgl_prim2|sld_jtag_endpoint_adapter:jtag_signal_adapter" File: /home/DICS/M10912039/intelFPGA_lite/20.1/quartus/libraries/megafunctions/sld_mod_ram_rom.vhd Line: 302
Info (12128): Elaborating entity "sld_jtag_endpoint_adapter_impl" for hierarchy "altsyncram:altsyncram_component|altsyncram_lmc1:auto_generated|sld_mod_ram_rom:mgl_prim2|sld_jtag_endpoint_adapter:jtag_signal_adapter|sld_jtag_endpoint_adapter_impl:sld_jtag_endpoint_adapter_impl_inst" File: /home/DICS/M10912039/intelFPGA_lite/20.1/quartus/libraries/megafunctions/sld_jtag_endpoint_adapter.vhd Line: 232
Info (12128): Elaborating entity "sld_rom_sr" for hierarchy "altsyncram:altsyncram_component|altsyncram_lmc1:auto_generated|sld_mod_ram_rom:mgl_prim2|sld_rom_sr:\ram_rom_logic_gen:name_gen:info_rom_sr" File: /home/DICS/M10912039/intelFPGA_lite/20.1/quartus/libraries/megafunctions/sld_mod_ram_rom.vhd Line: 828
Info (11170): Starting IP generation for the debug fabric: alt_sld_fab.
Info (11172): 2021.09.24.16:19:18 Progress: Loading slde8f7f207/alt_sld_fab_wrapper_hw.tcl
Info (11172): Alt_sld_fab.alt_sld_fab: SLD fabric agents which did not specify prefer_host were connected to JTAG
Info (11172): Alt_sld_fab: Generating alt_sld_fab "alt_sld_fab" for QUARTUS_SYNTH
Info (11172): Alt_sld_fab: "alt_sld_fab" instantiated alt_sld_fab "alt_sld_fab"
Info (11172): Presplit: "alt_sld_fab" instantiated altera_super_splitter "presplit"
Info (11172): Splitter: "alt_sld_fab" instantiated altera_sld_splitter "splitter"
Info (11172): Sldfabric: "alt_sld_fab" instantiated altera_sld_jtag_hub "sldfabric"
Info (11172): Ident: "alt_sld_fab" instantiated altera_connection_identification_hub "ident"
Info (11172): Alt_sld_fab: Done "alt_sld_fab" with 6 modules, 6 files
Info (11171): Finished IP generation for the debug fabric: alt_sld_fab.
Info (12021): Found 1 design units, including 1 entities, in source file db/ip/slde8f7f207/alt_sld_fab.v
    Info (12023): Found entity 1: alt_sld_fab File: /home/DICS/M10912039/RISC-V/SingleCycle_RISC-V/fpga/db/ip/slde8f7f207/alt_sld_fab.v Line: 9
Info (12021): Found 1 design units, including 1 entities, in source file db/ip/slde8f7f207/submodules/alt_sld_fab_alt_sld_fab.v
    Info (12023): Found entity 1: alt_sld_fab_alt_sld_fab File: /home/DICS/M10912039/RISC-V/SingleCycle_RISC-V/fpga/db/ip/slde8f7f207/submodules/alt_sld_fab_alt_sld_fab.v Line: 9
Info (12021): Found 1 design units, including 1 entities, in source file db/ip/slde8f7f207/submodules/alt_sld_fab_alt_sld_fab_ident.sv
    Info (12023): Found entity 1: alt_sld_fab_alt_sld_fab_ident File: /home/DICS/M10912039/RISC-V/SingleCycle_RISC-V/fpga/db/ip/slde8f7f207/submodules/alt_sld_fab_alt_sld_fab_ident.sv Line: 33
Info (12021): Found 1 design units, including 1 entities, in source file db/ip/slde8f7f207/submodules/alt_sld_fab_alt_sld_fab_presplit.sv
    Info (12023): Found entity 1: alt_sld_fab_alt_sld_fab_presplit File: /home/DICS/M10912039/RISC-V/SingleCycle_RISC-V/fpga/db/ip/slde8f7f207/submodules/alt_sld_fab_alt_sld_fab_presplit.sv Line: 3
Info (12021): Found 2 design units, including 1 entities, in source file db/ip/slde8f7f207/submodules/alt_sld_fab_alt_sld_fab_sldfabric.vhd
    Info (12022): Found design unit 1: alt_sld_fab_alt_sld_fab_sldfabric-rtl File: /home/DICS/M10912039/RISC-V/SingleCycle_RISC-V/fpga/db/ip/slde8f7f207/submodules/alt_sld_fab_alt_sld_fab_sldfabric.vhd Line: 102
    Info (12023): Found entity 1: alt_sld_fab_alt_sld_fab_sldfabric File: /home/DICS/M10912039/RISC-V/SingleCycle_RISC-V/fpga/db/ip/slde8f7f207/submodules/alt_sld_fab_alt_sld_fab_sldfabric.vhd Line: 11
Info (12021): Found 1 design units, including 1 entities, in source file db/ip/slde8f7f207/submodules/alt_sld_fab_alt_sld_fab_splitter.sv
    Info (12023): Found entity 1: alt_sld_fab_alt_sld_fab_splitter File: /home/DICS/M10912039/RISC-V/SingleCycle_RISC-V/fpga/db/ip/slde8f7f207/submodules/alt_sld_fab_alt_sld_fab_splitter.sv Line: 3
Info (286031): Timing-Driven Synthesis is running on partition "Top"
Info (13000): Registers with preset signals will power-up high File: /home/DICS/M10912039/intelFPGA_lite/20.1/quartus/libraries/megafunctions/sld_jtag_hub.vhd Line: 386
Info (13003): DEV_CLRn pin will set, and not reset, register with preset signal due to NOT Gate Push-Back
Info (286031): Timing-Driven Synthesis is running on partition "sld_hub:auto_hub"
Info (16010): Generating hard_block partition "hard_block:auto_generated_inst"
    Info (16011): Adding 0 node(s), including 0 DDIO, 0 PLL, 0 transceiver and 0 LCELL
Info (21057): Implemented 886 device resources after synthesis - the final resource count might be different
    Info (21058): Implemented 20 input pins
    Info (21059): Implemented 33 output pins
    Info (21061): Implemented 576 logic cells
    Info (21064): Implemented 256 RAM segments
Info: Quartus Prime Analysis & Synthesis was successful. 0 errors, 2 warnings
    Info: Peak virtual memory: 596 megabytes
    Info: Processing ended: Fri Sep 24 16:19:24 2021
    Info: Elapsed time: 00:00:14
    Info: Total CPU time (on all processors): 00:00:30


