
or/or:     file format elf32-littleriscv
or/or
architecture: riscv:rv32, flags 0x00000112:
EXEC_P, HAS_SYMS, D_PAGED
start address 0x00000000

Program Header:
    LOAD off    0x00001000 vaddr 0x00000000 paddr 0x00000000 align 2**12
         filesz 0x00000058 memsz 0x00000058 flags r-x
    LOAD off    0x00001100 vaddr 0x00000100 paddr 0x00000100 align 2**12
         filesz 0x00000000 memsz 0x00000100 flags rw-

Sections:
Idx Name          Size      VMA       LMA       File off  Algn
  0 .text         00000058  00000000  00000000  00001000  2**2
                  CONTENTS, ALLOC, LOAD, READONLY, CODE
  1 _test         00000100  00000100  00000100  00001100  2**0
                  ALLOC
  2 .riscv.attributes 0000001f  00000000  00000000  00001058  2**0
                  CONTENTS, READONLY
SYMBOL TABLE:
00000000 l    d  .text	00000000 .text
00000100 l    d  _test	00000000 _test
00000000 l    d  .riscv.attributes	00000000 .riscv.attributes
00000100 g       _test	00000000 _test_start
00000200 g       _test	00000000 _test_end


Contents of section .text:
 0000 13040010 b7523412 93828267 37c3dcfe  .....R4....g7...
 0010 130383a9 b3e26200 b3e26200 b3e26200  ......b...b...b.
 0020 b3e26200 b3e26200 37034062 13035328  ..b...b.7.@b..S(
 0030 b3625300 b3625300 b3625300 b3625300  .bS..bS..bS..bS.
 0040 b3625300 23205400 23220400 23240400  .bS.# T.#"..#$..
 0050 23260400 13040020                    #&.....         
Contents of section .riscv.attributes:
 0000 411e0000 00726973 63760001 14000000  A....riscv......
 0010 05727633 32693270 305f6d32 703000    .rv32i2p0_m2p0. 

Disassembly of section .text:

00000000 <.text>:
   0:	10000413          	li	s0,256
   4:	123452b7          	lui	t0,0x12345
   8:	67828293          	addi	t0,t0,1656 # 12345678 <_test_end+0x12345478>
   c:	fedcc337          	lui	t1,0xfedcc
  10:	a9830313          	addi	t1,t1,-1384 # fedcba98 <_test_end+0xfedcb898>
  14:	0062e2b3          	or	t0,t0,t1
  18:	0062e2b3          	or	t0,t0,t1
  1c:	0062e2b3          	or	t0,t0,t1
  20:	0062e2b3          	or	t0,t0,t1
  24:	0062e2b3          	or	t0,t0,t1
  28:	62400337          	lui	t1,0x62400
  2c:	28530313          	addi	t1,t1,645 # 62400285 <_test_end+0x62400085>
  30:	005362b3          	or	t0,t1,t0
  34:	005362b3          	or	t0,t1,t0
  38:	005362b3          	or	t0,t1,t0
  3c:	005362b3          	or	t0,t1,t0
  40:	005362b3          	or	t0,t1,t0
  44:	00542023          	sw	t0,0(s0)
  48:	00042223          	sw	zero,4(s0)
  4c:	00042423          	sw	zero,8(s0)
  50:	00042623          	sw	zero,12(s0)
  54:	20000413          	li	s0,512
