
ori/ori:     file format elf32-littleriscv
ori/ori
architecture: riscv:rv32, flags 0x00000112:
EXEC_P, HAS_SYMS, D_PAGED
start address 0x00000000

Program Header:
    LOAD off    0x00001000 vaddr 0x00000000 paddr 0x00000000 align 2**12
         filesz 0x00000040 memsz 0x00000040 flags r-x
    LOAD off    0x00001100 vaddr 0x00000100 paddr 0x00000100 align 2**12
         filesz 0x00000000 memsz 0x00000100 flags rw-

Sections:
Idx Name          Size      VMA       LMA       File off  Algn
  0 .text         00000040  00000000  00000000  00001000  2**2
                  CONTENTS, ALLOC, LOAD, READONLY, CODE
  1 _test         00000100  00000100  00000100  00001100  2**0
                  ALLOC
  2 .riscv.attributes 0000001f  00000000  00000000  00001040  2**0
                  CONTENTS, READONLY
SYMBOL TABLE:
00000000 l    d  .text	00000000 .text
00000100 l    d  _test	00000000 _test
00000000 l    d  .riscv.attributes	00000000 .riscv.attributes
00000100 g       _test	00000000 _test_start
00000200 g       _test	00000000 _test_end


Contents of section .text:
 0000 13040010 93021000 93e2c21b 93e2526e  ..............Rn
 0010 93e2d2ed 93e2c209 93e22250 13033078  .........."P..0x
 0020 9363d311 136ec3f5 936ea391 23205400  .c...n...n..# T.
 0030 23227400 2324c401 2326d401 13040020  #"t.#$..#&..... 
Contents of section .riscv.attributes:
 0000 411e0000 00726973 63760001 14000000  A....riscv......
 0010 05727633 32693270 305f6d32 703000    .rv32i2p0_m2p0. 

Disassembly of section .text:

00000000 <.text>:
   0:	10000413          	li	s0,256
   4:	00100293          	li	t0,1
   8:	1bc2e293          	ori	t0,t0,444
   c:	6e52e293          	ori	t0,t0,1765
  10:	edd2e293          	ori	t0,t0,-291
  14:	09c2e293          	ori	t0,t0,156
  18:	5022e293          	ori	t0,t0,1282
  1c:	78300313          	li	t1,1923
  20:	11d36393          	ori	t2,t1,285
  24:	f5c36e13          	ori	t3,t1,-164
  28:	91a36e93          	ori	t4,t1,-1766
  2c:	00542023          	sw	t0,0(s0)
  30:	00742223          	sw	t2,4(s0)
  34:	01c42423          	sw	t3,8(s0)
  38:	01d42623          	sw	t4,12(s0)
  3c:	20000413          	li	s0,512
