
addi/addi:     file format elf32-littleriscv
addi/addi
architecture: riscv:rv32, flags 0x00000112:
EXEC_P, HAS_SYMS, D_PAGED
start address 0x00000000

Program Header:
    LOAD off    0x00001000 vaddr 0x00000000 paddr 0x00000000 align 2**12
         filesz 0x0000005c memsz 0x0000005c flags r-x
    LOAD off    0x00001100 vaddr 0x00000100 paddr 0x00000100 align 2**12
         filesz 0x00000000 memsz 0x00000100 flags rw-

Sections:
Idx Name          Size      VMA       LMA       File off  Algn
  0 .text         0000005c  00000000  00000000  00001000  2**2
                  CONTENTS, ALLOC, LOAD, READONLY, CODE
  1 _test         00000100  00000100  00000100  00001100  2**0
                  ALLOC
  2 .riscv.attributes 0000001f  00000000  00000000  0000105c  2**0
                  CONTENTS, READONLY
SYMBOL TABLE:
00000000 l    d  .text	00000000 .text
00000100 l    d  _test	00000000 _test
00000000 l    d  .riscv.attributes	00000000 .riscv.attributes
00000100 g       _test	00000000 _test_start
00000200 g       _test	00000000 _test_end


Contents of section .text:
 0000 13040010 9302f0ff 9382f2ff 93825276  ..............Rv
 0010 93828288 93822243 9382c2ab 13031052  ......"C.......R
 0020 930323ce 130eb313 930e9349 130f1380  ..#........I....
 0030 930f83a6 b383c301 b38eee01 b382f201  ................
 0040 b383d301 b3827200 23205400 23220400  ......r.# T.#"..
 0050 23240400 23260400 13040020           #$..#&.....     
Contents of section .riscv.attributes:
 0000 411e0000 00726973 63760001 14000000  A....riscv......
 0010 05727633 32693270 305f6d32 703000    .rv32i2p0_m2p0. 

Disassembly of section .text:

00000000 <.text>:
   0:	10000413          	li	s0,256
   4:	fff00293          	li	t0,-1
   8:	fff28293          	addi	t0,t0,-1
   c:	76528293          	addi	t0,t0,1893
  10:	88828293          	addi	t0,t0,-1912
  14:	43228293          	addi	t0,t0,1074
  18:	abc28293          	addi	t0,t0,-1348
  1c:	52100313          	li	t1,1313
  20:	ce230393          	addi	t2,t1,-798
  24:	13b30e13          	addi	t3,t1,315
  28:	49930e93          	addi	t4,t1,1177
  2c:	80130f13          	addi	t5,t1,-2047
  30:	a6830f93          	addi	t6,t1,-1432
  34:	01c383b3          	add	t2,t2,t3
  38:	01ee8eb3          	add	t4,t4,t5
  3c:	01f282b3          	add	t0,t0,t6
  40:	01d383b3          	add	t2,t2,t4
  44:	007282b3          	add	t0,t0,t2
  48:	00542023          	sw	t0,0(s0)
  4c:	00042223          	sw	zero,4(s0)
  50:	00042423          	sw	zero,8(s0)
  54:	00042623          	sw	zero,12(s0)
  58:	20000413          	li	s0,512
