
lw/lw:     file format elf32-littleriscv
lw/lw
architecture: riscv:rv32, flags 0x00000112:
EXEC_P, HAS_SYMS, D_PAGED
start address 0x00000000

Program Header:
    LOAD off    0x00001000 vaddr 0x00000000 paddr 0x00000000 align 2**12
         filesz 0x00000058 memsz 0x00000058 flags r-x
    LOAD off    0x00001100 vaddr 0x00000100 paddr 0x00000100 align 2**12
         filesz 0x00000000 memsz 0x00000100 flags rw-

Sections:
Idx Name          Size      VMA       LMA       File off  Algn
  0 .text         00000058  00000000  00000000  00001000  2**2
                  CONTENTS, ALLOC, LOAD, READONLY, CODE
  1 _test         00000100  00000100  00000100  00001100  2**0
                  ALLOC
  2 .riscv.attributes 0000001f  00000000  00000000  00001058  2**0
                  CONTENTS, READONLY
SYMBOL TABLE:
00000000 l    d  .text	00000000 .text
00000100 l    d  _test	00000000 _test
00000000 l    d  .riscv.attributes	00000000 .riscv.attributes
00000100 g       _test	00000000 _test_start
00000200 g       _test	00000000 _test_end


Contents of section .text:
 0000 13040010 93021011 13032022 93033033  .......... "..03
 0010 130e4044 23205400 23226400 23247400  ..@D# T.#"d.#$t.
 0020 2326c401 8322c400 03238400 23245400  #&..."...#..#$T.
 0030 23266400 93020000 13030000 83224400  #&d.........."D.
 0040 03230400 23205400 23226400 93020000  .#..# T.#"d.....
 0050 13030000 13040020                    .......         
Contents of section .riscv.attributes:
 0000 411e0000 00726973 63760001 14000000  A....riscv......
 0010 05727633 32693270 305f6d32 703000    .rv32i2p0_m2p0. 

Disassembly of section .text:

00000000 <.text>:
   0:	10000413          	li	s0,256
   4:	11100293          	li	t0,273
   8:	22200313          	li	t1,546
   c:	33300393          	li	t2,819
  10:	44400e13          	li	t3,1092
  14:	00542023          	sw	t0,0(s0)
  18:	00642223          	sw	t1,4(s0)
  1c:	00742423          	sw	t2,8(s0)
  20:	01c42623          	sw	t3,12(s0)
  24:	00c42283          	lw	t0,12(s0)
  28:	00842303          	lw	t1,8(s0)
  2c:	00542423          	sw	t0,8(s0)
  30:	00642623          	sw	t1,12(s0)
  34:	00000293          	li	t0,0
  38:	00000313          	li	t1,0
  3c:	00442283          	lw	t0,4(s0)
  40:	00042303          	lw	t1,0(s0)
  44:	00542023          	sw	t0,0(s0)
  48:	00642223          	sw	t1,4(s0)
  4c:	00000293          	li	t0,0
  50:	00000313          	li	t1,0
  54:	20000413          	li	s0,512
