
xori/xori:     file format elf32-littleriscv
xori/xori
architecture: riscv:rv32, flags 0x00000112:
EXEC_P, HAS_SYMS, D_PAGED
start address 0x00000000

Program Header:
    LOAD off    0x00001000 vaddr 0x00000000 paddr 0x00000000 align 2**12
         filesz 0x00000040 memsz 0x00000040 flags r-x
    LOAD off    0x00001100 vaddr 0x00000100 paddr 0x00000100 align 2**12
         filesz 0x00000000 memsz 0x00000100 flags rw-

Sections:
Idx Name          Size      VMA       LMA       File off  Algn
  0 .text         00000040  00000000  00000000  00001000  2**2
                  CONTENTS, ALLOC, LOAD, READONLY, CODE
  1 _test         00000100  00000100  00000100  00001100  2**0
                  ALLOC
  2 .riscv.attributes 0000001f  00000000  00000000  00001040  2**0
                  CONTENTS, READONLY
SYMBOL TABLE:
00000000 l    d  .text	00000000 .text
00000100 l    d  _test	00000000 _test
00000000 l    d  .riscv.attributes	00000000 .riscv.attributes
00000100 g       _test	00000000 _test_start
00000200 g       _test	00000000 _test_end


Contents of section .text:
 0000 13040010 9302f0ff 93c2b207 93c25297  ..............R.
 0010 93c212cc 93c2127f 93c2324a 13037038  ..........2J..p8
 0020 934333ee 134e430a 934e636e 23205400  .C3..NC..Ncn# T.
 0030 23227400 2324c401 2326d401 13040020  #"t.#$..#&..... 
Contents of section .riscv.attributes:
 0000 411e0000 00726973 63760001 14000000  A....riscv......
 0010 05727633 32693270 305f6d32 703000    .rv32i2p0_m2p0. 

Disassembly of section .text:

00000000 <.text>:
   0:	10000413          	li	s0,256
   4:	fff00293          	li	t0,-1
   8:	07b2c293          	xori	t0,t0,123
   c:	9752c293          	xori	t0,t0,-1675
  10:	cc12c293          	xori	t0,t0,-831
  14:	7f12c293          	xori	t0,t0,2033
  18:	4a32c293          	xori	t0,t0,1187
  1c:	38700313          	li	t1,903
  20:	ee334393          	xori	t2,t1,-285
  24:	0a434e13          	xori	t3,t1,164
  28:	6e634e93          	xori	t4,t1,1766
  2c:	00542023          	sw	t0,0(s0)
  30:	00742223          	sw	t2,4(s0)
  34:	01c42423          	sw	t3,8(s0)
  38:	01d42623          	sw	t4,12(s0)
  3c:	20000413          	li	s0,512
